<?xml version="1.0" encoding="UTF-8"?>
<!-- Generated by org.testng.reporters.JUnitXMLReporter -->
<testsuite hostname="Prasannas-MacBook-Pro.local" name="JoinSulekha" tests="15" failures="0" timestamp="21 Jun 2016 05:28:08 GMT" time="1986.192" errors="0">
  <testcase name="testWithoutMobileNum" time="50.923" classname="com.test.scripts.JoinSulekha"/>
  <testcase name="testInvalidMobileNum" time="57.541" classname="com.test.scripts.JoinSulekha"/>
  <testcase name="testValidMobileNum" time="53.917" classname="com.test.scripts.JoinSulekha"/>
  <testcase name="testReceivedOTP" time="66.159" classname="com.test.scripts.JoinSulekha"/>
  <testcase name="testOTPTimeLimit" time="173.755" classname="com.test.scripts.JoinSulekha"/>
  <testcase name="testResendCode" time="183.26" classname="com.test.scripts.JoinSulekha"/>
  <testcase name="testOtpReceivedSms" time="191.562" classname="com.test.scripts.JoinSulekha"/>
  <testcase name="testWOVerificationCode" time="70.151" classname="com.test.scripts.JoinSulekha"/>
  <testcase name="testInvalidOtp" time="68.885" classname="com.test.scripts.JoinSulekha"/>
  <testcase name="test6DigitVerificationCode" time="72.938" classname="com.test.scripts.JoinSulekha"/>
  <testcase name="testTermsCondition" time="46.489" classname="com.test.scripts.JoinSulekha"/>
  <testcase name="testEditIcon" time="63.584" classname="com.test.scripts.JoinSulekha"/>
  <testcase name="testTnCBackIcn" time="61.084" classname="com.test.scripts.JoinSulekha"/>
  <testcase name="testSkipLnk" time="47.513" classname="com.test.scripts.JoinSulekha"/>
  <testcase name="testLoginLnk" time="46.831" classname="com.test.scripts.JoinSulekha"/>
</testsuite> <!-- JoinSulekha -->
