<?xml version="1.0" encoding="UTF-8"?>
<!-- Generated by org.testng.reporters.JUnitXMLReporter -->
<testsuite hostname="Prasannas-MacBook-Pro.local" name="UpdateAccount" tests="6" failures="0" timestamp="21 Jun 2016 07:52:43 GMT" time="1120.844" errors="0">
  <testcase name="testUpdateMyAccountPage" time="120.198" classname="com.test.scripts.UpdateAccount"/>
  <testcase name="testChangePwdScreen" time="128.674" classname="com.test.scripts.UpdateAccount"/>
  <testcase name="testChangingPwd" time="173.724" classname="com.test.scripts.UpdateAccount"/>
  <testcase name="testChangeMobNum" time="145.413" classname="com.test.scripts.UpdateAccount"/>
  <testcase name="testChangeUsername" time="147.052" classname="com.test.scripts.UpdateAccount"/>
  <testcase name="testLogout" time="103.318" classname="com.test.scripts.UpdateAccount"/>
</testsuite> <!-- UpdateAccount -->
