<?xml version="1.0" encoding="UTF-8"?>
<!-- Generated by org.testng.reporters.JUnitXMLReporter -->
<testsuite hostname="Prasannas-MacBook-Pro.local" name="WelcomePage" tests="7" failures="0" timestamp="21 Jun 2016 04:55:02 GMT" time="1163.692" errors="0">
  <testcase name="testLocationPermissionAlert" time="98.859" classname="com.test.scripts.WelcomePage"/>
  <testcase name="testAllowBtn" time="51.742" classname="com.test.scripts.WelcomePage"/>
  <testcase name="testDontAllowBtn" time="43.748" classname="com.test.scripts.WelcomePage"/>
  <testcase name="testNotificationPermissionAlert" time="130.762" classname="com.test.scripts.WelcomePage"/>
  <testcase name="testNotificationOKBtn" time="150.486" classname="com.test.scripts.WelcomePage"/>
  <testcase name="testDontAllowNotification" time="242.427" classname="com.test.scripts.WelcomePage"/>
  <testcase name="testSkip" time="40.142" classname="com.test.scripts.WelcomePage"/>
</testsuite> <!-- WelcomePage -->
