<?xml version="1.0" encoding="UTF-8"?>
<testng-results skipped="0" failed="9" total="86" passed="77">
  <reporter-output>
    <line>
      <![CDATA[STEP1]]>
    </line>
    <line>
      <![CDATA[STEP2]]>
    </line>
    <line>
      <![CDATA[STEP3]]>
    </line>
    <line>
      <![CDATA[STEP4]]>
    </line>
    <line>
      <![CDATA[STEP5]]>
    </line>
    <line>
      <![CDATA[STEP6]]>
    </line>
    <line>
      <![CDATA[STEP7]]>
    </line>
    <line>
      <![CDATA[STEP8]]>
    </line>
    <line>
      <![CDATA[STEP9]]>
    </line>
    <line>
      <![CDATA[STEP10]]>
    </line>
    <line>
      <![CDATA[STEP11]]>
    </line>
    <line>
      <![CDATA[STEP12]]>
    </line>
    <line>
      <![CDATA[STEP13]]>
    </line>
    <line>
      <![CDATA[STEP14]]>
    </line>
    <line>
      <![CDATA[STEP15]]>
    </line>
    <line>
      <![CDATA[STEP16]]>
    </line>
    <line>
      <![CDATA[STEP17]]>
    </line>
    <line>
      <![CDATA[STEP18]]>
    </line>
    <line>
      <![CDATA[STEP19]]>
    </line>
    <line>
      <![CDATA[STEP20]]>
    </line>
    <line>
      <![CDATA[STEP21]]>
    </line>
    <line>
      <![CDATA[STEP22]]>
    </line>
    <line>
      <![CDATA[STEP23]]>
    </line>
    <line>
      <![CDATA[STEP24]]>
    </line>
    <line>
      <![CDATA[STEP25]]>
    </line>
    <line>
      <![CDATA[STEP26]]>
    </line>
    <line>
      <![CDATA[STEP27]]>
    </line>
    <line>
      <![CDATA[STEP28]]>
    </line>
    <line>
      <![CDATA[STEP29]]>
    </line>
    <line>
      <![CDATA[STEP30]]>
    </line>
    <line>
      <![CDATA[STEP31]]>
    </line>
    <line>
      <![CDATA[STEP32]]>
    </line>
    <line>
      <![CDATA[STEP33]]>
    </line>
    <line>
      <![CDATA[STEP34]]>
    </line>
    <line>
      <![CDATA[STEP35]]>
    </line>
    <line>
      <![CDATA[STEP36]]>
    </line>
    <line>
      <![CDATA[STEP37]]>
    </line>
    <line>
      <![CDATA[STEP38]]>
    </line>
    <line>
      <![CDATA[STEP39]]>
    </line>
    <line>
      <![CDATA[STEP40]]>
    </line>
    <line>
      <![CDATA[STEP41]]>
    </line>
    <line>
      <![CDATA[STEP42]]>
    </line>
    <line>
      <![CDATA[STEP43]]>
    </line>
    <line>
      <![CDATA[STEP44]]>
    </line>
    <line>
      <![CDATA[STEP45]]>
    </line>
    <line>
      <![CDATA[STEP46]]>
    </line>
    <line>
      <![CDATA[STEP47]]>
    </line>
    <line>
      <![CDATA[STEP48]]>
    </line>
    <line>
      <![CDATA[STEP49]]>
    </line>
    <line>
      <![CDATA[STEP50]]>
    </line>
    <line>
      <![CDATA[STEP51]]>
    </line>
    <line>
      <![CDATA[STEP52]]>
    </line>
    <line>
      <![CDATA[STEP53]]>
    </line>
    <line>
      <![CDATA[STEP54]]>
    </line>
    <line>
      <![CDATA[STEP55]]>
    </line>
    <line>
      <![CDATA[STEP56]]>
    </line>
    <line>
      <![CDATA[STEP57]]>
    </line>
    <line>
      <![CDATA[STEP58]]>
    </line>
    <line>
      <![CDATA[STEP59]]>
    </line>
    <line>
      <![CDATA[STEP60]]>
    </line>
    <line>
      <![CDATA[STEP61]]>
    </line>
    <line>
      <![CDATA[STEP62]]>
    </line>
    <line>
      <![CDATA[STEP63]]>
    </line>
    <line>
      <![CDATA[STEP64]]>
    </line>
    <line>
      <![CDATA[STEP65]]>
    </line>
    <line>
      <![CDATA[STEP66]]>
    </line>
    <line>
      <![CDATA[STEP67]]>
    </line>
    <line>
      <![CDATA[STEP68]]>
    </line>
    <line>
      <![CDATA[STEP69]]>
    </line>
    <line>
      <![CDATA[STEP70]]>
    </line>
    <line>
      <![CDATA[STEP71]]>
    </line>
    <line>
      <![CDATA[STEP72]]>
    </line>
    <line>
      <![CDATA[STEP73]]>
    </line>
    <line>
      <![CDATA[STEP74]]>
    </line>
    <line>
      <![CDATA[STEP75]]>
    </line>
    <line>
      <![CDATA[STEP76]]>
    </line>
    <line>
      <![CDATA[STEP77]]>
    </line>
    <line>
      <![CDATA[STEP78]]>
    </line>
    <line>
      <![CDATA[STEP79]]>
    </line>
    <line>
      <![CDATA[STEP80]]>
    </line>
    <line>
      <![CDATA[STEP81]]>
    </line>
    <line>
      <![CDATA[STEP82]]>
    </line>
    <line>
      <![CDATA[STEP83]]>
    </line>
    <line>
      <![CDATA[STEP84]]>
    </line>
    <line>
      <![CDATA[STEP85]]>
    </line>
    <line>
      <![CDATA[STEP86]]>
    </line>
    <line>
      <![CDATA[STEP87]]>
    </line>
    <line>
      <![CDATA[STEP88]]>
    </line>
    <line>
      <![CDATA[STEP89]]>
    </line>
    <line>
      <![CDATA[STEP90]]>
    </line>
    <line>
      <![CDATA[STEP91]]>
    </line>
    <line>
      <![CDATA[STEP92]]>
    </line>
    <line>
      <![CDATA[STEP93]]>
    </line>
    <line>
      <![CDATA[STEP94]]>
    </line>
    <line>
      <![CDATA[STEP95]]>
    </line>
    <line>
      <![CDATA[STEP96]]>
    </line>
    <line>
      <![CDATA[STEP97]]>
    </line>
    <line>
      <![CDATA[STEP98]]>
    </line>
    <line>
      <![CDATA[STEP99]]>
    </line>
    <line>
      <![CDATA[STEP100]]>
    </line>
    <line>
      <![CDATA[STEP101]]>
    </line>
    <line>
      <![CDATA[STEP102]]>
    </line>
    <line>
      <![CDATA[STEP103]]>
    </line>
    <line>
      <![CDATA[STEP104]]>
    </line>
    <line>
      <![CDATA[STEP105]]>
    </line>
    <line>
      <![CDATA[STEP106]]>
    </line>
    <line>
      <![CDATA[STEP107]]>
    </line>
    <line>
      <![CDATA[STEP108]]>
    </line>
    <line>
      <![CDATA[STEP109]]>
    </line>
    <line>
      <![CDATA[STEP110]]>
    </line>
    <line>
      <![CDATA[STEP111]]>
    </line>
    <line>
      <![CDATA[STEP112]]>
    </line>
    <line>
      <![CDATA[STEP113]]>
    </line>
    <line>
      <![CDATA[STEP114]]>
    </line>
    <line>
      <![CDATA[STEP115]]>
    </line>
    <line>
      <![CDATA[STEP116]]>
    </line>
    <line>
      <![CDATA[STEP117]]>
    </line>
    <line>
      <![CDATA[STEP118]]>
    </line>
    <line>
      <![CDATA[STEP119]]>
    </line>
    <line>
      <![CDATA[STEP120]]>
    </line>
    <line>
      <![CDATA[STEP121]]>
    </line>
    <line>
      <![CDATA[STEP122]]>
    </line>
    <line>
      <![CDATA[STEP123]]>
    </line>
    <line>
      <![CDATA[STEP124]]>
    </line>
    <line>
      <![CDATA[STEP125]]>
    </line>
    <line>
      <![CDATA[STEP126]]>
    </line>
    <line>
      <![CDATA[STEP127]]>
    </line>
    <line>
      <![CDATA[STEP128]]>
    </line>
    <line>
      <![CDATA[STEP129]]>
    </line>
    <line>
      <![CDATA[STEP130]]>
    </line>
    <line>
      <![CDATA[STEP131]]>
    </line>
    <line>
      <![CDATA[STEP132]]>
    </line>
    <line>
      <![CDATA[STEP133]]>
    </line>
    <line>
      <![CDATA[STEP134]]>
    </line>
    <line>
      <![CDATA[STEP135]]>
    </line>
    <line>
      <![CDATA[STEP136]]>
    </line>
    <line>
      <![CDATA[STEP137]]>
    </line>
    <line>
      <![CDATA[STEP138]]>
    </line>
    <line>
      <![CDATA[STEP139]]>
    </line>
    <line>
      <![CDATA[STEP140]]>
    </line>
    <line>
      <![CDATA[STEP141]]>
    </line>
    <line>
      <![CDATA[STEP142]]>
    </line>
    <line>
      <![CDATA[STEP143]]>
    </line>
    <line>
      <![CDATA[STEP144]]>
    </line>
    <line>
      <![CDATA[STEP145]]>
    </line>
    <line>
      <![CDATA[STEP146]]>
    </line>
    <line>
      <![CDATA[STEP147]]>
    </line>
    <line>
      <![CDATA[STEP148]]>
    </line>
    <line>
      <![CDATA[STEP149]]>
    </line>
    <line>
      <![CDATA[STEP150]]>
    </line>
    <line>
      <![CDATA[STEP151]]>
    </line>
    <line>
      <![CDATA[STEP152]]>
    </line>
    <line>
      <![CDATA[STEP153]]>
    </line>
    <line>
      <![CDATA[STEP154]]>
    </line>
    <line>
      <![CDATA[STEP155]]>
    </line>
    <line>
      <![CDATA[STEP156]]>
    </line>
    <line>
      <![CDATA[STEP157]]>
    </line>
    <line>
      <![CDATA[STEP158]]>
    </line>
    <line>
      <![CDATA[STEP159]]>
    </line>
    <line>
      <![CDATA[STEP160]]>
    </line>
    <line>
      <![CDATA[STEP161]]>
    </line>
    <line>
      <![CDATA[STEP162]]>
    </line>
    <line>
      <![CDATA[STEP163]]>
    </line>
    <line>
      <![CDATA[STEP164]]>
    </line>
    <line>
      <![CDATA[STEP165]]>
    </line>
    <line>
      <![CDATA[STEP166]]>
    </line>
    <line>
      <![CDATA[STEP167]]>
    </line>
    <line>
      <![CDATA[STEP168]]>
    </line>
    <line>
      <![CDATA[STEP169]]>
    </line>
    <line>
      <![CDATA[STEP170]]>
    </line>
    <line>
      <![CDATA[STEP171]]>
    </line>
    <line>
      <![CDATA[STEP172]]>
    </line>
    <line>
      <![CDATA[STEP173]]>
    </line>
    <line>
      <![CDATA[STEP174]]>
    </line>
    <line>
      <![CDATA[STEP175]]>
    </line>
    <line>
      <![CDATA[STEP176]]>
    </line>
    <line>
      <![CDATA[STEP177]]>
    </line>
    <line>
      <![CDATA[STEP178]]>
    </line>
    <line>
      <![CDATA[STEP179]]>
    </line>
    <line>
      <![CDATA[STEP180]]>
    </line>
    <line>
      <![CDATA[STEP181]]>
    </line>
    <line>
      <![CDATA[STEP182]]>
    </line>
    <line>
      <![CDATA[STEP183]]>
    </line>
    <line>
      <![CDATA[STEP184]]>
    </line>
    <line>
      <![CDATA[STEP185]]>
    </line>
    <line>
      <![CDATA[STEP186]]>
    </line>
    <line>
      <![CDATA[STEP187]]>
    </line>
    <line>
      <![CDATA[STEP188]]>
    </line>
    <line>
      <![CDATA[STEP189]]>
    </line>
    <line>
      <![CDATA[STEP190]]>
    </line>
    <line>
      <![CDATA[STEP191]]>
    </line>
    <line>
      <![CDATA[STEP192]]>
    </line>
    <line>
      <![CDATA[STEP193]]>
    </line>
    <line>
      <![CDATA[STEP194]]>
    </line>
    <line>
      <![CDATA[STEP195]]>
    </line>
    <line>
      <![CDATA[STEP196]]>
    </line>
    <line>
      <![CDATA[STEP197]]>
    </line>
    <line>
      <![CDATA[STEP198]]>
    </line>
    <line>
      <![CDATA[STEP199]]>
    </line>
    <line>
      <![CDATA[STEP200]]>
    </line>
    <line>
      <![CDATA[STEP201]]>
    </line>
    <line>
      <![CDATA[STEP202]]>
    </line>
    <line>
      <![CDATA[STEP203]]>
    </line>
    <line>
      <![CDATA[STEP204]]>
    </line>
    <line>
      <![CDATA[STEP205]]>
    </line>
    <line>
      <![CDATA[STEP206]]>
    </line>
    <line>
      <![CDATA[STEP207]]>
    </line>
    <line>
      <![CDATA[STEP208]]>
    </line>
    <line>
      <![CDATA[STEP209]]>
    </line>
    <line>
      <![CDATA[STEP210]]>
    </line>
    <line>
      <![CDATA[STEP211]]>
    </line>
    <line>
      <![CDATA[STEP212]]>
    </line>
    <line>
      <![CDATA[STEP213]]>
    </line>
    <line>
      <![CDATA[STEP214]]>
    </line>
    <line>
      <![CDATA[STEP215]]>
    </line>
    <line>
      <![CDATA[STEP216]]>
    </line>
    <line>
      <![CDATA[STEP217]]>
    </line>
    <line>
      <![CDATA[STEP218]]>
    </line>
    <line>
      <![CDATA[STEP219]]>
    </line>
    <line>
      <![CDATA[STEP220]]>
    </line>
    <line>
      <![CDATA[STEP221]]>
    </line>
    <line>
      <![CDATA[STEP222]]>
    </line>
    <line>
      <![CDATA[STEP223]]>
    </line>
    <line>
      <![CDATA[STEP224]]>
    </line>
    <line>
      <![CDATA[STEP225]]>
    </line>
    <line>
      <![CDATA[STEP226]]>
    </line>
    <line>
      <![CDATA[STEP227]]>
    </line>
    <line>
      <![CDATA[STEP228]]>
    </line>
    <line>
      <![CDATA[STEP229]]>
    </line>
    <line>
      <![CDATA[STEP230]]>
    </line>
    <line>
      <![CDATA[STEP231]]>
    </line>
    <line>
      <![CDATA[STEP232]]>
    </line>
    <line>
      <![CDATA[STEP233]]>
    </line>
    <line>
      <![CDATA[STEP234]]>
    </line>
    <line>
      <![CDATA[STEP235]]>
    </line>
    <line>
      <![CDATA[STEP236]]>
    </line>
    <line>
      <![CDATA[STEP237]]>
    </line>
    <line>
      <![CDATA[STEP238]]>
    </line>
    <line>
      <![CDATA[STEP239]]>
    </line>
    <line>
      <![CDATA[STEP240]]>
    </line>
    <line>
      <![CDATA[STEP241]]>
    </line>
    <line>
      <![CDATA[STEP242]]>
    </line>
    <line>
      <![CDATA[STEP243]]>
    </line>
    <line>
      <![CDATA[STEP244]]>
    </line>
    <line>
      <![CDATA[STEP245]]>
    </line>
    <line>
      <![CDATA[STEP246]]>
    </line>
    <line>
      <![CDATA[STEP247]]>
    </line>
    <line>
      <![CDATA[STEP248]]>
    </line>
    <line>
      <![CDATA[STEP249]]>
    </line>
    <line>
      <![CDATA[STEP250]]>
    </line>
    <line>
      <![CDATA[STEP251]]>
    </line>
    <line>
      <![CDATA[STEP252]]>
    </line>
    <line>
      <![CDATA[STEP253]]>
    </line>
    <line>
      <![CDATA[STEP254]]>
    </line>
    <line>
      <![CDATA[STEP255]]>
    </line>
    <line>
      <![CDATA[STEP256]]>
    </line>
    <line>
      <![CDATA[STEP257]]>
    </line>
    <line>
      <![CDATA[STEP258]]>
    </line>
    <line>
      <![CDATA[STEP259]]>
    </line>
    <line>
      <![CDATA[STEP260]]>
    </line>
    <line>
      <![CDATA[STEP261]]>
    </line>
    <line>
      <![CDATA[STEP262]]>
    </line>
    <line>
      <![CDATA[STEP263]]>
    </line>
    <line>
      <![CDATA[STEP264]]>
    </line>
    <line>
      <![CDATA[STEP265]]>
    </line>
    <line>
      <![CDATA[STEP266]]>
    </line>
    <line>
      <![CDATA[STEP267]]>
    </line>
    <line>
      <![CDATA[STEP268]]>
    </line>
    <line>
      <![CDATA[STEP269]]>
    </line>
    <line>
      <![CDATA[STEP270]]>
    </line>
    <line>
      <![CDATA[STEP271]]>
    </line>
    <line>
      <![CDATA[STEP272]]>
    </line>
    <line>
      <![CDATA[STEP273]]>
    </line>
    <line>
      <![CDATA[STEP274]]>
    </line>
    <line>
      <![CDATA[STEP275]]>
    </line>
    <line>
      <![CDATA[STEP276]]>
    </line>
    <line>
      <![CDATA[STEP277]]>
    </line>
    <line>
      <![CDATA[STEP278]]>
    </line>
    <line>
      <![CDATA[STEP279]]>
    </line>
    <line>
      <![CDATA[STEP280]]>
    </line>
    <line>
      <![CDATA[STEP281]]>
    </line>
    <line>
      <![CDATA[STEP282]]>
    </line>
    <line>
      <![CDATA[STEP283]]>
    </line>
    <line>
      <![CDATA[STEP284]]>
    </line>
    <line>
      <![CDATA[STEP285]]>
    </line>
    <line>
      <![CDATA[STEP286]]>
    </line>
    <line>
      <![CDATA[STEP287]]>
    </line>
    <line>
      <![CDATA[STEP288]]>
    </line>
    <line>
      <![CDATA[STEP289]]>
    </line>
    <line>
      <![CDATA[STEP290]]>
    </line>
    <line>
      <![CDATA[STEP291]]>
    </line>
    <line>
      <![CDATA[STEP292]]>
    </line>
    <line>
      <![CDATA[STEP293]]>
    </line>
    <line>
      <![CDATA[STEP294]]>
    </line>
    <line>
      <![CDATA[STEP295]]>
    </line>
    <line>
      <![CDATA[STEP296]]>
    </line>
    <line>
      <![CDATA[STEP297]]>
    </line>
    <line>
      <![CDATA[STEP298]]>
    </line>
    <line>
      <![CDATA[STEP299]]>
    </line>
    <line>
      <![CDATA[STEP300]]>
    </line>
    <line>
      <![CDATA[STEP301]]>
    </line>
    <line>
      <![CDATA[STEP302]]>
    </line>
    <line>
      <![CDATA[STEP303]]>
    </line>
    <line>
      <![CDATA[STEP304]]>
    </line>
    <line>
      <![CDATA[STEP305]]>
    </line>
    <line>
      <![CDATA[STEP306]]>
    </line>
    <line>
      <![CDATA[STEP307]]>
    </line>
    <line>
      <![CDATA[STEP308]]>
    </line>
    <line>
      <![CDATA[STEP309]]>
    </line>
    <line>
      <![CDATA[STEP310]]>
    </line>
    <line>
      <![CDATA[STEP311]]>
    </line>
    <line>
      <![CDATA[STEP312]]>
    </line>
    <line>
      <![CDATA[STEP313]]>
    </line>
    <line>
      <![CDATA[STEP314]]>
    </line>
    <line>
      <![CDATA[STEP315]]>
    </line>
    <line>
      <![CDATA[STEP316]]>
    </line>
    <line>
      <![CDATA[STEP317]]>
    </line>
    <line>
      <![CDATA[STEP318]]>
    </line>
    <line>
      <![CDATA[STEP319]]>
    </line>
    <line>
      <![CDATA[STEP320]]>
    </line>
    <line>
      <![CDATA[STEP321]]>
    </line>
    <line>
      <![CDATA[STEP322]]>
    </line>
    <line>
      <![CDATA[STEP323]]>
    </line>
    <line>
      <![CDATA[STEP324]]>
    </line>
    <line>
      <![CDATA[STEP325]]>
    </line>
    <line>
      <![CDATA[STEP326]]>
    </line>
    <line>
      <![CDATA[STEP327]]>
    </line>
    <line>
      <![CDATA[STEP328]]>
    </line>
    <line>
      <![CDATA[STEP329]]>
    </line>
    <line>
      <![CDATA[STEP330]]>
    </line>
    <line>
      <![CDATA[STEP331]]>
    </line>
    <line>
      <![CDATA[STEP332]]>
    </line>
    <line>
      <![CDATA[STEP333]]>
    </line>
    <line>
      <![CDATA[STEP334]]>
    </line>
    <line>
      <![CDATA[STEP335]]>
    </line>
    <line>
      <![CDATA[STEP336]]>
    </line>
    <line>
      <![CDATA[STEP337]]>
    </line>
    <line>
      <![CDATA[STEP338]]>
    </line>
    <line>
      <![CDATA[STEP339]]>
    </line>
    <line>
      <![CDATA[STEP340]]>
    </line>
    <line>
      <![CDATA[STEP341]]>
    </line>
    <line>
      <![CDATA[STEP342]]>
    </line>
    <line>
      <![CDATA[STEP343]]>
    </line>
    <line>
      <![CDATA[STEP344]]>
    </line>
    <line>
      <![CDATA[STEP345]]>
    </line>
    <line>
      <![CDATA[STEP346]]>
    </line>
    <line>
      <![CDATA[STEP347]]>
    </line>
    <line>
      <![CDATA[STEP348]]>
    </line>
    <line>
      <![CDATA[STEP349]]>
    </line>
    <line>
      <![CDATA[STEP350]]>
    </line>
    <line>
      <![CDATA[STEP351]]>
    </line>
    <line>
      <![CDATA[STEP352]]>
    </line>
    <line>
      <![CDATA[STEP353]]>
    </line>
    <line>
      <![CDATA[STEP354]]>
    </line>
    <line>
      <![CDATA[STEP355]]>
    </line>
    <line>
      <![CDATA[STEP356]]>
    </line>
    <line>
      <![CDATA[STEP357]]>
    </line>
    <line>
      <![CDATA[STEP358]]>
    </line>
    <line>
      <![CDATA[STEP359]]>
    </line>
    <line>
      <![CDATA[STEP360]]>
    </line>
    <line>
      <![CDATA[STEP361]]>
    </line>
    <line>
      <![CDATA[STEP362]]>
    </line>
    <line>
      <![CDATA[STEP363]]>
    </line>
    <line>
      <![CDATA[STEP364]]>
    </line>
    <line>
      <![CDATA[STEP365]]>
    </line>
    <line>
      <![CDATA[STEP366]]>
    </line>
    <line>
      <![CDATA[STEP367]]>
    </line>
    <line>
      <![CDATA[STEP368]]>
    </line>
    <line>
      <![CDATA[STEP369]]>
    </line>
    <line>
      <![CDATA[STEP370]]>
    </line>
    <line>
      <![CDATA[STEP371]]>
    </line>
    <line>
      <![CDATA[STEP372]]>
    </line>
    <line>
      <![CDATA[STEP373]]>
    </line>
    <line>
      <![CDATA[STEP374]]>
    </line>
    <line>
      <![CDATA[STEP375]]>
    </line>
    <line>
      <![CDATA[STEP376]]>
    </line>
    <line>
      <![CDATA[STEP377]]>
    </line>
    <line>
      <![CDATA[STEP378]]>
    </line>
    <line>
      <![CDATA[STEP379]]>
    </line>
    <line>
      <![CDATA[STEP380]]>
    </line>
    <line>
      <![CDATA[STEP381]]>
    </line>
    <line>
      <![CDATA[STEP382]]>
    </line>
    <line>
      <![CDATA[STEP383]]>
    </line>
    <line>
      <![CDATA[STEP384]]>
    </line>
    <line>
      <![CDATA[STEP385]]>
    </line>
    <line>
      <![CDATA[STEP386]]>
    </line>
    <line>
      <![CDATA[STEP387]]>
    </line>
    <line>
      <![CDATA[STEP388]]>
    </line>
    <line>
      <![CDATA[STEP389]]>
    </line>
    <line>
      <![CDATA[STEP390]]>
    </line>
    <line>
      <![CDATA[STEP391]]>
    </line>
    <line>
      <![CDATA[STEP392]]>
    </line>
    <line>
      <![CDATA[STEP393]]>
    </line>
    <line>
      <![CDATA[STEP394]]>
    </line>
    <line>
      <![CDATA[STEP395]]>
    </line>
    <line>
      <![CDATA[STEP396]]>
    </line>
    <line>
      <![CDATA[STEP397]]>
    </line>
    <line>
      <![CDATA[STEP398]]>
    </line>
    <line>
      <![CDATA[STEP399]]>
    </line>
    <line>
      <![CDATA[STEP400]]>
    </line>
    <line>
      <![CDATA[STEP401]]>
    </line>
    <line>
      <![CDATA[STEP402]]>
    </line>
    <line>
      <![CDATA[STEP403]]>
    </line>
    <line>
      <![CDATA[STEP404]]>
    </line>
    <line>
      <![CDATA[STEP405]]>
    </line>
    <line>
      <![CDATA[STEP406]]>
    </line>
    <line>
      <![CDATA[STEP407]]>
    </line>
    <line>
      <![CDATA[STEP408]]>
    </line>
    <line>
      <![CDATA[STEP409]]>
    </line>
    <line>
      <![CDATA[STEP410]]>
    </line>
    <line>
      <![CDATA[STEP411]]>
    </line>
    <line>
      <![CDATA[STEP412]]>
    </line>
    <line>
      <![CDATA[STEP413]]>
    </line>
    <line>
      <![CDATA[STEP414]]>
    </line>
    <line>
      <![CDATA[STEP415]]>
    </line>
    <line>
      <![CDATA[STEP416]]>
    </line>
    <line>
      <![CDATA[STEP417]]>
    </line>
    <line>
      <![CDATA[STEP418]]>
    </line>
    <line>
      <![CDATA[STEP419]]>
    </line>
    <line>
      <![CDATA[STEP420]]>
    </line>
    <line>
      <![CDATA[STEP421]]>
    </line>
    <line>
      <![CDATA[STEP422]]>
    </line>
    <line>
      <![CDATA[STEP423]]>
    </line>
    <line>
      <![CDATA[STEP424]]>
    </line>
    <line>
      <![CDATA[STEP425]]>
    </line>
    <line>
      <![CDATA[STEP426]]>
    </line>
    <line>
      <![CDATA[STEP427]]>
    </line>
    <line>
      <![CDATA[STEP428]]>
    </line>
    <line>
      <![CDATA[STEP429]]>
    </line>
    <line>
      <![CDATA[STEP430]]>
    </line>
    <line>
      <![CDATA[STEP431]]>
    </line>
    <line>
      <![CDATA[STEP432]]>
    </line>
    <line>
      <![CDATA[STEP433]]>
    </line>
    <line>
      <![CDATA[STEP434]]>
    </line>
    <line>
      <![CDATA[STEP435]]>
    </line>
    <line>
      <![CDATA[STEP436]]>
    </line>
    <line>
      <![CDATA[STEP437]]>
    </line>
    <line>
      <![CDATA[STEP438]]>
    </line>
    <line>
      <![CDATA[STEP439]]>
    </line>
    <line>
      <![CDATA[STEP440]]>
    </line>
    <line>
      <![CDATA[STEP441]]>
    </line>
    <line>
      <![CDATA[STEP442]]>
    </line>
    <line>
      <![CDATA[STEP443]]>
    </line>
    <line>
      <![CDATA[STEP444]]>
    </line>
    <line>
      <![CDATA[STEP445]]>
    </line>
    <line>
      <![CDATA[STEP446]]>
    </line>
    <line>
      <![CDATA[STEP447]]>
    </line>
    <line>
      <![CDATA[STEP448]]>
    </line>
    <line>
      <![CDATA[STEP449]]>
    </line>
    <line>
      <![CDATA[STEP450]]>
    </line>
    <line>
      <![CDATA[STEP451]]>
    </line>
    <line>
      <![CDATA[STEP452]]>
    </line>
    <line>
      <![CDATA[STEP453]]>
    </line>
    <line>
      <![CDATA[STEP454]]>
    </line>
    <line>
      <![CDATA[STEP455]]>
    </line>
    <line>
      <![CDATA[STEP456]]>
    </line>
    <line>
      <![CDATA[STEP457]]>
    </line>
    <line>
      <![CDATA[STEP458]]>
    </line>
    <line>
      <![CDATA[STEP459]]>
    </line>
    <line>
      <![CDATA[STEP460]]>
    </line>
    <line>
      <![CDATA[STEP461]]>
    </line>
    <line>
      <![CDATA[STEP462]]>
    </line>
    <line>
      <![CDATA[STEP463]]>
    </line>
    <line>
      <![CDATA[STEP464]]>
    </line>
    <line>
      <![CDATA[STEP465]]>
    </line>
    <line>
      <![CDATA[STEP466]]>
    </line>
    <line>
      <![CDATA[STEP467]]>
    </line>
    <line>
      <![CDATA[STEP468]]>
    </line>
    <line>
      <![CDATA[STEP469]]>
    </line>
    <line>
      <![CDATA[STEP470]]>
    </line>
    <line>
      <![CDATA[STEP471]]>
    </line>
    <line>
      <![CDATA[STEP472]]>
    </line>
    <line>
      <![CDATA[STEP473]]>
    </line>
    <line>
      <![CDATA[STEP474]]>
    </line>
    <line>
      <![CDATA[STEP475]]>
    </line>
    <line>
      <![CDATA[STEP476]]>
    </line>
    <line>
      <![CDATA[STEP477]]>
    </line>
    <line>
      <![CDATA[STEP478]]>
    </line>
    <line>
      <![CDATA[STEP479]]>
    </line>
    <line>
      <![CDATA[STEP480]]>
    </line>
    <line>
      <![CDATA[STEP481]]>
    </line>
    <line>
      <![CDATA[STEP482]]>
    </line>
    <line>
      <![CDATA[STEP483]]>
    </line>
    <line>
      <![CDATA[STEP484]]>
    </line>
    <line>
      <![CDATA[STEP485]]>
    </line>
    <line>
      <![CDATA[STEP486]]>
    </line>
    <line>
      <![CDATA[STEP487]]>
    </line>
    <line>
      <![CDATA[STEP488]]>
    </line>
    <line>
      <![CDATA[STEP489]]>
    </line>
    <line>
      <![CDATA[STEP490]]>
    </line>
    <line>
      <![CDATA[STEP491]]>
    </line>
    <line>
      <![CDATA[STEP492]]>
    </line>
    <line>
      <![CDATA[STEP493]]>
    </line>
    <line>
      <![CDATA[STEP494]]>
    </line>
    <line>
      <![CDATA[STEP495]]>
    </line>
    <line>
      <![CDATA[STEP496]]>
    </line>
    <line>
      <![CDATA[STEP497]]>
    </line>
    <line>
      <![CDATA[STEP498]]>
    </line>
    <line>
      <![CDATA[STEP499]]>
    </line>
    <line>
      <![CDATA[STEP500]]>
    </line>
    <line>
      <![CDATA[STEP501]]>
    </line>
    <line>
      <![CDATA[STEP502]]>
    </line>
    <line>
      <![CDATA[STEP503]]>
    </line>
    <line>
      <![CDATA[STEP504]]>
    </line>
    <line>
      <![CDATA[STEP505]]>
    </line>
    <line>
      <![CDATA[STEP506]]>
    </line>
    <line>
      <![CDATA[STEP507]]>
    </line>
    <line>
      <![CDATA[STEP508]]>
    </line>
    <line>
      <![CDATA[STEP509]]>
    </line>
    <line>
      <![CDATA[STEP510]]>
    </line>
    <line>
      <![CDATA[STEP511]]>
    </line>
    <line>
      <![CDATA[STEP512]]>
    </line>
    <line>
      <![CDATA[STEP513]]>
    </line>
    <line>
      <![CDATA[STEP514]]>
    </line>
    <line>
      <![CDATA[STEP515]]>
    </line>
    <line>
      <![CDATA[STEP516]]>
    </line>
    <line>
      <![CDATA[STEP517]]>
    </line>
    <line>
      <![CDATA[STEP518]]>
    </line>
    <line>
      <![CDATA[STEP519]]>
    </line>
    <line>
      <![CDATA[STEP520]]>
    </line>
    <line>
      <![CDATA[STEP521]]>
    </line>
    <line>
      <![CDATA[STEP522]]>
    </line>
    <line>
      <![CDATA[STEP523]]>
    </line>
    <line>
      <![CDATA[STEP524]]>
    </line>
    <line>
      <![CDATA[STEP525]]>
    </line>
    <line>
      <![CDATA[STEP526]]>
    </line>
    <line>
      <![CDATA[STEP527]]>
    </line>
    <line>
      <![CDATA[STEP528]]>
    </line>
    <line>
      <![CDATA[STEP529]]>
    </line>
    <line>
      <![CDATA[STEP530]]>
    </line>
    <line>
      <![CDATA[STEP531]]>
    </line>
    <line>
      <![CDATA[STEP532]]>
    </line>
    <line>
      <![CDATA[STEP533]]>
    </line>
    <line>
      <![CDATA[STEP534]]>
    </line>
    <line>
      <![CDATA[STEP535]]>
    </line>
    <line>
      <![CDATA[STEP536]]>
    </line>
    <line>
      <![CDATA[STEP537]]>
    </line>
    <line>
      <![CDATA[STEP538]]>
    </line>
    <line>
      <![CDATA[STEP539]]>
    </line>
    <line>
      <![CDATA[STEP540]]>
    </line>
    <line>
      <![CDATA[STEP541]]>
    </line>
    <line>
      <![CDATA[STEP542]]>
    </line>
    <line>
      <![CDATA[STEP543]]>
    </line>
    <line>
      <![CDATA[STEP544]]>
    </line>
    <line>
      <![CDATA[STEP545]]>
    </line>
    <line>
      <![CDATA[STEP546]]>
    </line>
    <line>
      <![CDATA[STEP547]]>
    </line>
    <line>
      <![CDATA[STEP548]]>
    </line>
    <line>
      <![CDATA[STEP549]]>
    </line>
    <line>
      <![CDATA[STEP550]]>
    </line>
    <line>
      <![CDATA[STEP551]]>
    </line>
    <line>
      <![CDATA[STEP552]]>
    </line>
    <line>
      <![CDATA[STEP553]]>
    </line>
    <line>
      <![CDATA[STEP554]]>
    </line>
    <line>
      <![CDATA[STEP555]]>
    </line>
    <line>
      <![CDATA[STEP556]]>
    </line>
    <line>
      <![CDATA[STEP557]]>
    </line>
    <line>
      <![CDATA[STEP558]]>
    </line>
    <line>
      <![CDATA[STEP559]]>
    </line>
    <line>
      <![CDATA[STEP560]]>
    </line>
    <line>
      <![CDATA[STEP561]]>
    </line>
    <line>
      <![CDATA[STEP562]]>
    </line>
    <line>
      <![CDATA[STEP563]]>
    </line>
    <line>
      <![CDATA[STEP564]]>
    </line>
    <line>
      <![CDATA[STEP565]]>
    </line>
    <line>
      <![CDATA[STEP566]]>
    </line>
    <line>
      <![CDATA[STEP567]]>
    </line>
    <line>
      <![CDATA[STEP568]]>
    </line>
    <line>
      <![CDATA[STEP569]]>
    </line>
    <line>
      <![CDATA[STEP570]]>
    </line>
    <line>
      <![CDATA[STEP571]]>
    </line>
    <line>
      <![CDATA[STEP572]]>
    </line>
    <line>
      <![CDATA[STEP573]]>
    </line>
    <line>
      <![CDATA[STEP574]]>
    </line>
    <line>
      <![CDATA[STEP575]]>
    </line>
    <line>
      <![CDATA[STEP576]]>
    </line>
    <line>
      <![CDATA[STEP577]]>
    </line>
    <line>
      <![CDATA[STEP578]]>
    </line>
    <line>
      <![CDATA[STEP579]]>
    </line>
    <line>
      <![CDATA[STEP580]]>
    </line>
    <line>
      <![CDATA[STEP581]]>
    </line>
    <line>
      <![CDATA[STEP582]]>
    </line>
    <line>
      <![CDATA[STEP583]]>
    </line>
    <line>
      <![CDATA[STEP584]]>
    </line>
    <line>
      <![CDATA[STEP585]]>
    </line>
    <line>
      <![CDATA[STEP586]]>
    </line>
    <line>
      <![CDATA[STEP587]]>
    </line>
    <line>
      <![CDATA[STEP588]]>
    </line>
    <line>
      <![CDATA[STEP589]]>
    </line>
    <line>
      <![CDATA[STEP590]]>
    </line>
    <line>
      <![CDATA[STEP591]]>
    </line>
    <line>
      <![CDATA[STEP592]]>
    </line>
    <line>
      <![CDATA[STEP593]]>
    </line>
    <line>
      <![CDATA[STEP594]]>
    </line>
    <line>
      <![CDATA[STEP595]]>
    </line>
    <line>
      <![CDATA[STEP596]]>
    </line>
    <line>
      <![CDATA[STEP597]]>
    </line>
    <line>
      <![CDATA[STEP598]]>
    </line>
    <line>
      <![CDATA[STEP599]]>
    </line>
    <line>
      <![CDATA[STEP600]]>
    </line>
    <line>
      <![CDATA[STEP601]]>
    </line>
    <line>
      <![CDATA[STEP602]]>
    </line>
    <line>
      <![CDATA[STEP603]]>
    </line>
    <line>
      <![CDATA[STEP604]]>
    </line>
    <line>
      <![CDATA[STEP605]]>
    </line>
    <line>
      <![CDATA[STEP606]]>
    </line>
    <line>
      <![CDATA[STEP607]]>
    </line>
    <line>
      <![CDATA[STEP608]]>
    </line>
    <line>
      <![CDATA[STEP609]]>
    </line>
    <line>
      <![CDATA[STEP610]]>
    </line>
    <line>
      <![CDATA[STEP611]]>
    </line>
    <line>
      <![CDATA[STEP612]]>
    </line>
    <line>
      <![CDATA[STEP613]]>
    </line>
    <line>
      <![CDATA[STEP614]]>
    </line>
    <line>
      <![CDATA[STEP615]]>
    </line>
    <line>
      <![CDATA[STEP616]]>
    </line>
    <line>
      <![CDATA[STEP617]]>
    </line>
    <line>
      <![CDATA[STEP618]]>
    </line>
    <line>
      <![CDATA[STEP619]]>
    </line>
    <line>
      <![CDATA[STEP620]]>
    </line>
    <line>
      <![CDATA[STEP621]]>
    </line>
    <line>
      <![CDATA[STEP622]]>
    </line>
    <line>
      <![CDATA[STEP623]]>
    </line>
    <line>
      <![CDATA[STEP624]]>
    </line>
    <line>
      <![CDATA[STEP625]]>
    </line>
    <line>
      <![CDATA[STEP626]]>
    </line>
    <line>
      <![CDATA[STEP627]]>
    </line>
    <line>
      <![CDATA[STEP628]]>
    </line>
    <line>
      <![CDATA[STEP629]]>
    </line>
    <line>
      <![CDATA[STEP630]]>
    </line>
    <line>
      <![CDATA[STEP631]]>
    </line>
    <line>
      <![CDATA[STEP632]]>
    </line>
    <line>
      <![CDATA[STEP633]]>
    </line>
    <line>
      <![CDATA[STEP634]]>
    </line>
    <line>
      <![CDATA[STEP635]]>
    </line>
    <line>
      <![CDATA[STEP636]]>
    </line>
    <line>
      <![CDATA[STEP637]]>
    </line>
    <line>
      <![CDATA[STEP638]]>
    </line>
    <line>
      <![CDATA[STEP639]]>
    </line>
    <line>
      <![CDATA[STEP640]]>
    </line>
    <line>
      <![CDATA[STEP641]]>
    </line>
    <line>
      <![CDATA[STEP642]]>
    </line>
    <line>
      <![CDATA[STEP643]]>
    </line>
    <line>
      <![CDATA[STEP644]]>
    </line>
    <line>
      <![CDATA[STEP645]]>
    </line>
    <line>
      <![CDATA[STEP646]]>
    </line>
    <line>
      <![CDATA[STEP647]]>
    </line>
    <line>
      <![CDATA[STEP648]]>
    </line>
    <line>
      <![CDATA[STEP649]]>
    </line>
    <line>
      <![CDATA[STEP650]]>
    </line>
    <line>
      <![CDATA[STEP651]]>
    </line>
    <line>
      <![CDATA[STEP652]]>
    </line>
    <line>
      <![CDATA[STEP653]]>
    </line>
    <line>
      <![CDATA[STEP654]]>
    </line>
    <line>
      <![CDATA[STEP655]]>
    </line>
    <line>
      <![CDATA[STEP656]]>
    </line>
    <line>
      <![CDATA[STEP657]]>
    </line>
    <line>
      <![CDATA[STEP658]]>
    </line>
    <line>
      <![CDATA[STEP659]]>
    </line>
    <line>
      <![CDATA[STEP660]]>
    </line>
    <line>
      <![CDATA[STEP661]]>
    </line>
    <line>
      <![CDATA[STEP662]]>
    </line>
    <line>
      <![CDATA[STEP663]]>
    </line>
    <line>
      <![CDATA[STEP664]]>
    </line>
    <line>
      <![CDATA[STEP665]]>
    </line>
    <line>
      <![CDATA[STEP666]]>
    </line>
    <line>
      <![CDATA[STEP667]]>
    </line>
    <line>
      <![CDATA[STEP668]]>
    </line>
    <line>
      <![CDATA[STEP669]]>
    </line>
    <line>
      <![CDATA[STEP670]]>
    </line>
    <line>
      <![CDATA[STEP671]]>
    </line>
    <line>
      <![CDATA[STEP672]]>
    </line>
    <line>
      <![CDATA[STEP673]]>
    </line>
    <line>
      <![CDATA[STEP674]]>
    </line>
  </reporter-output>
  <suite name="Suite" duration-ms="13663850" started-at="2016-06-21T04:35:38Z" finished-at="2016-06-21T08:23:22Z">
    <groups>
    </groups>
    <test name="WelcomePage" duration-ms="1163692" started-at="2016-06-21T04:35:38Z" finished-at="2016-06-21T04:55:01Z">
      <class name="com.test.scripts.WelcomePage">
        <test-method status="PASS" signature="setobjects()[pri:0, instance:com.test.scripts.WelcomePage@4bec1f0c]" name="setobjects" is-config="true" duration-ms="56" started-at="2016-06-21T10:05:38Z" finished-at="2016-06-21T10:05:38Z">
          <reporter-output>
          </reporter-output>
        </test-method> <!-- setobjects -->
        <test-method status="PASS" signature="setUp()[pri:0, instance:com.test.scripts.WelcomePage@4bec1f0c]" name="setUp" is-config="true" duration-ms="88903" started-at="2016-06-21T10:05:38Z" finished-at="2016-06-21T10:07:07Z">
          <reporter-output>
          </reporter-output>
        </test-method> <!-- setUp -->
        <test-method status="PASS" signature="testLocationPermissionAlert()[pri:0, instance:com.test.scripts.WelcomePage@4bec1f0c]" name="testLocationPermissionAlert" duration-ms="98859" started-at="2016-06-21T10:07:07Z" description="To check whether location permission alert is displayed on launching the app." finished-at="2016-06-21T10:08:46Z">
          <reporter-output>
            <line>
              <![CDATA[STEP1]]>
            </line>
            <line>
              <![CDATA[STEP2]]>
            </line>
            <line>
              <![CDATA[STEP3]]>
            </line>
            <line>
              <![CDATA[STEP4]]>
            </line>
          </reporter-output>
        </test-method> <!-- testLocationPermissionAlert -->
        <test-method status="PASS" signature="tearDown()[pri:0, instance:com.test.scripts.WelcomePage@4bec1f0c]" name="tearDown" is-config="true" duration-ms="3398" started-at="2016-06-21T10:08:46Z" finished-at="2016-06-21T10:08:49Z">
          <reporter-output>
          </reporter-output>
        </test-method> <!-- tearDown -->
        <test-method status="PASS" signature="setUp()[pri:0, instance:com.test.scripts.WelcomePage@4bec1f0c]" name="setUp" is-config="true" duration-ms="64313" started-at="2016-06-21T10:08:49Z" finished-at="2016-06-21T10:09:53Z">
          <reporter-output>
          </reporter-output>
        </test-method> <!-- setUp -->
        <test-method status="PASS" signature="testAllowBtn()[pri:0, instance:com.test.scripts.WelcomePage@4bec1f0c]" name="testAllowBtn" duration-ms="51742" started-at="2016-06-21T10:09:53Z" description="Tap over &#039;Allow&#039; on location permission alert and verify" finished-at="2016-06-21T10:10:45Z">
          <reporter-output>
            <line>
              <![CDATA[STEP5]]>
            </line>
            <line>
              <![CDATA[STEP6]]>
            </line>
            <line>
              <![CDATA[STEP7]]>
            </line>
            <line>
              <![CDATA[STEP8]]>
            </line>
          </reporter-output>
        </test-method> <!-- testAllowBtn -->
        <test-method status="PASS" signature="tearDown()[pri:0, instance:com.test.scripts.WelcomePage@4bec1f0c]" name="tearDown" is-config="true" duration-ms="4249" started-at="2016-06-21T10:10:45Z" finished-at="2016-06-21T10:10:49Z">
          <reporter-output>
          </reporter-output>
        </test-method> <!-- tearDown -->
        <test-method status="PASS" signature="setUp()[pri:0, instance:com.test.scripts.WelcomePage@4bec1f0c]" name="setUp" is-config="true" duration-ms="49389" started-at="2016-06-21T10:10:49Z" finished-at="2016-06-21T10:11:39Z">
          <reporter-output>
          </reporter-output>
        </test-method> <!-- setUp -->
        <test-method status="PASS" signature="testDontAllowBtn()[pri:0, instance:com.test.scripts.WelcomePage@4bec1f0c]" name="testDontAllowBtn" duration-ms="43748" started-at="2016-06-21T10:11:39Z" description="Tap over &#039;Don&#039;t Allow&#039; on location permission alert and verify" finished-at="2016-06-21T10:12:22Z">
          <reporter-output>
            <line>
              <![CDATA[STEP9]]>
            </line>
            <line>
              <![CDATA[STEP10]]>
            </line>
            <line>
              <![CDATA[STEP11]]>
            </line>
          </reporter-output>
        </test-method> <!-- testDontAllowBtn -->
        <test-method status="PASS" signature="tearDown()[pri:0, instance:com.test.scripts.WelcomePage@4bec1f0c]" name="tearDown" is-config="true" duration-ms="4324" started-at="2016-06-21T10:12:22Z" finished-at="2016-06-21T10:12:27Z">
          <reporter-output>
          </reporter-output>
        </test-method> <!-- tearDown -->
        <test-method status="PASS" signature="setUp()[pri:0, instance:com.test.scripts.WelcomePage@4bec1f0c]" name="setUp" is-config="true" duration-ms="51104" started-at="2016-06-21T10:12:27Z" finished-at="2016-06-21T10:13:18Z">
          <reporter-output>
          </reporter-output>
        </test-method> <!-- setUp -->
        <test-method status="PASS" signature="testNotificationPermissionAlert()[pri:0, instance:com.test.scripts.WelcomePage@4bec1f0c]" name="testNotificationPermissionAlert" duration-ms="130762" started-at="2016-06-21T10:13:18Z" description="Check whether Push notification permission alert is displayed on launching the app" finished-at="2016-06-21T10:15:29Z">
          <reporter-output>
            <line>
              <![CDATA[STEP12]]>
            </line>
            <line>
              <![CDATA[STEP13]]>
            </line>
            <line>
              <![CDATA[STEP14]]>
            </line>
            <line>
              <![CDATA[STEP15]]>
            </line>
          </reporter-output>
        </test-method> <!-- testNotificationPermissionAlert -->
        <test-method status="PASS" signature="tearDown()[pri:0, instance:com.test.scripts.WelcomePage@4bec1f0c]" name="tearDown" is-config="true" duration-ms="4104" started-at="2016-06-21T10:15:29Z" finished-at="2016-06-21T10:15:33Z">
          <reporter-output>
          </reporter-output>
        </test-method> <!-- tearDown -->
        <test-method status="PASS" signature="setUp()[pri:0, instance:com.test.scripts.WelcomePage@4bec1f0c]" name="setUp" is-config="true" duration-ms="41066" started-at="2016-06-21T10:15:33Z" finished-at="2016-06-21T10:16:14Z">
          <reporter-output>
          </reporter-output>
        </test-method> <!-- setUp -->
        <test-method status="PASS" signature="testNotificationOKBtn()[pri:0, instance:com.test.scripts.WelcomePage@4bec1f0c]" name="testNotificationOKBtn" duration-ms="150486" started-at="2016-06-21T10:16:14Z" description="Tap over &#039;OK&#039; on Push notification permission alert and verify" finished-at="2016-06-21T10:18:44Z">
          <reporter-output>
            <line>
              <![CDATA[STEP16]]>
            </line>
            <line>
              <![CDATA[STEP17]]>
            </line>
            <line>
              <![CDATA[STEP18]]>
            </line>
            <line>
              <![CDATA[STEP19]]>
            </line>
            <line>
              <![CDATA[STEP20]]>
            </line>
            <line>
              <![CDATA[STEP21]]>
            </line>
            <line>
              <![CDATA[STEP22]]>
            </line>
            <line>
              <![CDATA[STEP23]]>
            </line>
            <line>
              <![CDATA[STEP24]]>
            </line>
            <line>
              <![CDATA[STEP25]]>
            </line>
            <line>
              <![CDATA[STEP26]]>
            </line>
            <line>
              <![CDATA[STEP27]]>
            </line>
            <line>
              <![CDATA[STEP28]]>
            </line>
          </reporter-output>
        </test-method> <!-- testNotificationOKBtn -->
        <test-method status="PASS" signature="tearDown()[pri:0, instance:com.test.scripts.WelcomePage@4bec1f0c]" name="tearDown" is-config="true" duration-ms="3814" started-at="2016-06-21T10:18:44Z" finished-at="2016-06-21T10:18:48Z">
          <reporter-output>
          </reporter-output>
        </test-method> <!-- tearDown -->
        <test-method status="PASS" signature="setUp()[pri:0, instance:com.test.scripts.WelcomePage@4bec1f0c]" name="setUp" is-config="true" duration-ms="40792" started-at="2016-06-21T10:18:48Z" finished-at="2016-06-21T10:19:29Z">
          <reporter-output>
          </reporter-output>
        </test-method> <!-- setUp -->
        <test-method status="PASS" signature="testDontAllowNotification()[pri:0, instance:com.test.scripts.WelcomePage@4bec1f0c]" name="testDontAllowNotification" duration-ms="242427" started-at="2016-06-21T10:19:29Z" description=" Tap over &#039;Don&#039;t Allow&#039; on Push notification permission alert" finished-at="2016-06-21T10:23:31Z">
          <reporter-output>
            <line>
              <![CDATA[STEP29]]>
            </line>
            <line>
              <![CDATA[STEP30]]>
            </line>
            <line>
              <![CDATA[STEP31]]>
            </line>
            <line>
              <![CDATA[STEP32]]>
            </line>
            <line>
              <![CDATA[STEP33]]>
            </line>
            <line>
              <![CDATA[STEP34]]>
            </line>
            <line>
              <![CDATA[STEP35]]>
            </line>
            <line>
              <![CDATA[STEP36]]>
            </line>
            <line>
              <![CDATA[STEP37]]>
            </line>
            <line>
              <![CDATA[STEP38]]>
            </line>
            <line>
              <![CDATA[STEP39]]>
            </line>
            <line>
              <![CDATA[STEP40]]>
            </line>
            <line>
              <![CDATA[STEP41]]>
            </line>
          </reporter-output>
        </test-method> <!-- testDontAllowNotification -->
        <test-method status="PASS" signature="tearDown()[pri:0, instance:com.test.scripts.WelcomePage@4bec1f0c]" name="tearDown" is-config="true" duration-ms="4005" started-at="2016-06-21T10:23:31Z" finished-at="2016-06-21T10:23:35Z">
          <reporter-output>
          </reporter-output>
        </test-method> <!-- tearDown -->
        <test-method status="PASS" signature="setUp()[pri:0, instance:com.test.scripts.WelcomePage@4bec1f0c]" name="setUp" is-config="true" duration-ms="42701" started-at="2016-06-21T10:23:35Z" finished-at="2016-06-21T10:24:18Z">
          <reporter-output>
          </reporter-output>
        </test-method> <!-- setUp -->
        <test-method status="PASS" signature="testSkip()[pri:0, instance:com.test.scripts.WelcomePage@4bec1f0c]" name="testSkip" duration-ms="40142" started-at="2016-06-21T10:24:18Z" description="To tap over &#039;skip&#039; button and verify, should navigate to home page" finished-at="2016-06-21T10:24:58Z">
          <reporter-output>
            <line>
              <![CDATA[STEP42]]>
            </line>
            <line>
              <![CDATA[STEP43]]>
            </line>
            <line>
              <![CDATA[STEP44]]>
            </line>
          </reporter-output>
        </test-method> <!-- testSkip -->
        <test-method status="PASS" signature="tearDown()[pri:0, instance:com.test.scripts.WelcomePage@4bec1f0c]" name="tearDown" is-config="true" duration-ms="3283" started-at="2016-06-21T10:24:58Z" finished-at="2016-06-21T10:25:01Z">
          <reporter-output>
          </reporter-output>
        </test-method> <!-- tearDown -->
      </class> <!-- com.test.scripts.WelcomePage -->
    </test> <!-- WelcomePage -->
    <test name="JoinSulekha" duration-ms="1986192" started-at="2016-06-21T04:55:02Z" finished-at="2016-06-21T05:28:08Z">
      <class name="com.test.scripts.JoinSulekha">
        <test-method status="PASS" signature="setobjects()[pri:0, instance:com.test.scripts.JoinSulekha@5abca1e0]" name="setobjects" is-config="true" duration-ms="0" started-at="2016-06-21T10:25:02Z" finished-at="2016-06-21T10:25:02Z">
          <reporter-output>
          </reporter-output>
        </test-method> <!-- setobjects -->
        <test-method status="PASS" signature="setUp()[pri:0, instance:com.test.scripts.JoinSulekha@5abca1e0]" name="setUp" is-config="true" duration-ms="41611" started-at="2016-06-21T10:25:02Z" finished-at="2016-06-21T10:25:43Z">
          <reporter-output>
          </reporter-output>
        </test-method> <!-- setUp -->
        <test-method status="PASS" signature="testWithoutMobileNum()[pri:0, instance:com.test.scripts.JoinSulekha@5abca1e0]" name="testWithoutMobileNum" duration-ms="50923" started-at="2016-06-21T10:25:43Z" description="Tap over &#039;join now&#039; without entering mobile number" finished-at="2016-06-21T10:26:34Z">
          <reporter-output>
            <line>
              <![CDATA[STEP45]]>
            </line>
            <line>
              <![CDATA[STEP46]]>
            </line>
            <line>
              <![CDATA[STEP47]]>
            </line>
            <line>
              <![CDATA[STEP48]]>
            </line>
          </reporter-output>
        </test-method> <!-- testWithoutMobileNum -->
        <test-method status="PASS" signature="tearDown()[pri:0, instance:com.test.scripts.JoinSulekha@5abca1e0]" name="tearDown" is-config="true" duration-ms="3400" started-at="2016-06-21T10:26:34Z" finished-at="2016-06-21T10:26:38Z">
          <reporter-output>
          </reporter-output>
        </test-method> <!-- tearDown -->
        <test-method status="PASS" signature="setUp()[pri:0, instance:com.test.scripts.JoinSulekha@5abca1e0]" name="setUp" is-config="true" duration-ms="42615" started-at="2016-06-21T10:26:38Z" finished-at="2016-06-21T10:27:20Z">
          <reporter-output>
          </reporter-output>
        </test-method> <!-- setUp -->
        <test-method status="PASS" signature="testInvalidMobileNum()[pri:0, instance:com.test.scripts.JoinSulekha@5abca1e0]" name="testInvalidMobileNum" duration-ms="57541" started-at="2016-06-21T10:27:20Z" description="Tap over &#039;join now&#039; by entering invalid mobile number" finished-at="2016-06-21T10:28:18Z">
          <reporter-output>
            <line>
              <![CDATA[STEP49]]>
            </line>
            <line>
              <![CDATA[STEP50]]>
            </line>
            <line>
              <![CDATA[STEP51]]>
            </line>
            <line>
              <![CDATA[STEP52]]>
            </line>
          </reporter-output>
        </test-method> <!-- testInvalidMobileNum -->
        <test-method status="PASS" signature="tearDown()[pri:0, instance:com.test.scripts.JoinSulekha@5abca1e0]" name="tearDown" is-config="true" duration-ms="4348" started-at="2016-06-21T10:28:18Z" finished-at="2016-06-21T10:28:22Z">
          <reporter-output>
          </reporter-output>
        </test-method> <!-- tearDown -->
        <test-method status="PASS" signature="setUp()[pri:0, instance:com.test.scripts.JoinSulekha@5abca1e0]" name="setUp" is-config="true" duration-ms="41276" started-at="2016-06-21T10:28:22Z" finished-at="2016-06-21T10:29:03Z">
          <reporter-output>
          </reporter-output>
        </test-method> <!-- setUp -->
        <test-method status="PASS" signature="testValidMobileNum()[pri:0, instance:com.test.scripts.JoinSulekha@5abca1e0]" name="testValidMobileNum" duration-ms="53917" started-at="2016-06-21T10:29:03Z" description="Tap over &#039;join now&#039; button by entering valid mobile number" finished-at="2016-06-21T10:29:57Z">
          <reporter-output>
            <line>
              <![CDATA[STEP53]]>
            </line>
            <line>
              <![CDATA[STEP54]]>
            </line>
            <line>
              <![CDATA[STEP55]]>
            </line>
            <line>
              <![CDATA[STEP56]]>
            </line>
          </reporter-output>
        </test-method> <!-- testValidMobileNum -->
        <test-method status="PASS" signature="tearDown()[pri:0, instance:com.test.scripts.JoinSulekha@5abca1e0]" name="tearDown" is-config="true" duration-ms="3966" started-at="2016-06-21T10:29:57Z" finished-at="2016-06-21T10:30:01Z">
          <reporter-output>
          </reporter-output>
        </test-method> <!-- tearDown -->
        <test-method status="PASS" signature="setUp()[pri:0, instance:com.test.scripts.JoinSulekha@5abca1e0]" name="setUp" is-config="true" duration-ms="41906" started-at="2016-06-21T10:30:01Z" finished-at="2016-06-21T10:30:43Z">
          <reporter-output>
          </reporter-output>
        </test-method> <!-- setUp -->
        <test-method status="PASS" signature="testReceivedOTP()[pri:0, instance:com.test.scripts.JoinSulekha@5abca1e0]" name="testReceivedOTP" duration-ms="66159" started-at="2016-06-21T10:30:43Z" description="Check entering the received OTP" finished-at="2016-06-21T10:31:49Z">
          <reporter-output>
            <line>
              <![CDATA[STEP57]]>
            </line>
            <line>
              <![CDATA[STEP58]]>
            </line>
            <line>
              <![CDATA[STEP59]]>
            </line>
            <line>
              <![CDATA[STEP60]]>
            </line>
            <line>
              <![CDATA[STEP61]]>
            </line>
          </reporter-output>
        </test-method> <!-- testReceivedOTP -->
        <test-method status="PASS" signature="tearDown()[pri:0, instance:com.test.scripts.JoinSulekha@5abca1e0]" name="tearDown" is-config="true" duration-ms="3720" started-at="2016-06-21T10:31:49Z" finished-at="2016-06-21T10:31:53Z">
          <reporter-output>
          </reporter-output>
        </test-method> <!-- tearDown -->
        <test-method status="PASS" signature="setUp()[pri:0, instance:com.test.scripts.JoinSulekha@5abca1e0]" name="setUp" is-config="true" duration-ms="52808" started-at="2016-06-21T10:31:53Z" finished-at="2016-06-21T10:32:46Z">
          <reporter-output>
          </reporter-output>
        </test-method> <!-- setUp -->
        <test-method status="PASS" signature="testOTPTimeLimit()[pri:0, instance:com.test.scripts.JoinSulekha@5abca1e0]" name="testOTPTimeLimit" duration-ms="173755" started-at="2016-06-21T10:32:46Z" description="Checking OTP time limit" finished-at="2016-06-21T10:35:40Z">
          <reporter-output>
            <line>
              <![CDATA[STEP62]]>
            </line>
            <line>
              <![CDATA[STEP63]]>
            </line>
            <line>
              <![CDATA[STEP64]]>
            </line>
            <line>
              <![CDATA[STEP65]]>
            </line>
            <line>
              <![CDATA[STEP66]]>
            </line>
          </reporter-output>
        </test-method> <!-- testOTPTimeLimit -->
        <test-method status="PASS" signature="tearDown()[pri:0, instance:com.test.scripts.JoinSulekha@5abca1e0]" name="tearDown" is-config="true" duration-ms="5240" started-at="2016-06-21T10:35:40Z" finished-at="2016-06-21T10:35:45Z">
          <reporter-output>
          </reporter-output>
        </test-method> <!-- tearDown -->
        <test-method status="PASS" signature="setUp()[pri:0, instance:com.test.scripts.JoinSulekha@5abca1e0]" name="setUp" is-config="true" duration-ms="53852" started-at="2016-06-21T10:35:45Z" finished-at="2016-06-21T10:36:39Z">
          <reporter-output>
          </reporter-output>
        </test-method> <!-- setUp -->
        <test-method status="PASS" signature="testResendCode()[pri:0, instance:com.test.scripts.JoinSulekha@5abca1e0]" name="testResendCode" duration-ms="183260" started-at="2016-06-21T10:36:39Z" description="Tap on Resend code button displayed in OTP page after 120 seconds time up" finished-at="2016-06-21T10:39:42Z">
          <reporter-output>
            <line>
              <![CDATA[STEP67]]>
            </line>
            <line>
              <![CDATA[STEP68]]>
            </line>
            <line>
              <![CDATA[STEP69]]>
            </line>
            <line>
              <![CDATA[STEP70]]>
            </line>
            <line>
              <![CDATA[STEP71]]>
            </line>
            <line>
              <![CDATA[STEP72]]>
            </line>
            <line>
              <![CDATA[STEP73]]>
            </line>
          </reporter-output>
        </test-method> <!-- testResendCode -->
        <test-method status="PASS" signature="tearDown()[pri:0, instance:com.test.scripts.JoinSulekha@5abca1e0]" name="tearDown" is-config="true" duration-ms="5977" started-at="2016-06-21T10:39:42Z" finished-at="2016-06-21T10:39:48Z">
          <reporter-output>
          </reporter-output>
        </test-method> <!-- tearDown -->
        <test-method status="PASS" signature="setUp()[pri:0, instance:com.test.scripts.JoinSulekha@5abca1e0]" name="setUp" is-config="true" duration-ms="45433" started-at="2016-06-21T10:39:48Z" finished-at="2016-06-21T10:40:33Z">
          <reporter-output>
          </reporter-output>
        </test-method> <!-- setUp -->
        <test-method status="PASS" signature="testOtpReceivedSms()[pri:0, instance:com.test.scripts.JoinSulekha@5abca1e0]" name="testOtpReceivedSms" duration-ms="191562" started-at="2016-06-21T10:40:33Z" description="Check entering the OTP received through SMS" finished-at="2016-06-21T10:43:45Z">
          <reporter-output>
            <line>
              <![CDATA[STEP74]]>
            </line>
            <line>
              <![CDATA[STEP75]]>
            </line>
            <line>
              <![CDATA[STEP76]]>
            </line>
            <line>
              <![CDATA[STEP77]]>
            </line>
            <line>
              <![CDATA[STEP78]]>
            </line>
            <line>
              <![CDATA[STEP79]]>
            </line>
          </reporter-output>
        </test-method> <!-- testOtpReceivedSms -->
        <test-method status="PASS" signature="tearDown()[pri:0, instance:com.test.scripts.JoinSulekha@5abca1e0]" name="tearDown" is-config="true" duration-ms="3696" started-at="2016-06-21T10:43:45Z" finished-at="2016-06-21T10:43:49Z">
          <reporter-output>
          </reporter-output>
        </test-method> <!-- tearDown -->
        <test-method status="PASS" signature="setUp()[pri:0, instance:com.test.scripts.JoinSulekha@5abca1e0]" name="setUp" is-config="true" duration-ms="52763" started-at="2016-06-21T10:43:49Z" finished-at="2016-06-21T10:44:41Z">
          <reporter-output>
          </reporter-output>
        </test-method> <!-- setUp -->
        <test-method status="PASS" signature="testWOVerificationCode()[pri:0, instance:com.test.scripts.JoinSulekha@5abca1e0]" name="testWOVerificationCode" duration-ms="70151" started-at="2016-06-21T10:44:41Z" description=" To tap on &#039;Done&#039; button without entering verification code" finished-at="2016-06-21T10:45:51Z">
          <reporter-output>
            <line>
              <![CDATA[STEP80]]>
            </line>
            <line>
              <![CDATA[STEP81]]>
            </line>
            <line>
              <![CDATA[STEP82]]>
            </line>
            <line>
              <![CDATA[STEP83]]>
            </line>
            <line>
              <![CDATA[STEP84]]>
            </line>
          </reporter-output>
        </test-method> <!-- testWOVerificationCode -->
        <test-method status="PASS" signature="tearDown()[pri:0, instance:com.test.scripts.JoinSulekha@5abca1e0]" name="tearDown" is-config="true" duration-ms="4214" started-at="2016-06-21T10:45:51Z" finished-at="2016-06-21T10:45:56Z">
          <reporter-output>
          </reporter-output>
        </test-method> <!-- tearDown -->
        <test-method status="PASS" signature="setUp()[pri:0, instance:com.test.scripts.JoinSulekha@5abca1e0]" name="setUp" is-config="true" duration-ms="46558" started-at="2016-06-21T10:45:56Z" finished-at="2016-06-21T10:46:42Z">
          <reporter-output>
          </reporter-output>
        </test-method> <!-- setUp -->
        <test-method status="PASS" signature="testInvalidOtp()[pri:0, instance:com.test.scripts.JoinSulekha@5abca1e0]" name="testInvalidOtp" duration-ms="68885" started-at="2016-06-21T10:46:42Z" description="check entering invalid otp" finished-at="2016-06-21T10:47:51Z">
          <reporter-output>
            <line>
              <![CDATA[STEP85]]>
            </line>
            <line>
              <![CDATA[STEP86]]>
            </line>
            <line>
              <![CDATA[STEP87]]>
            </line>
            <line>
              <![CDATA[STEP88]]>
            </line>
            <line>
              <![CDATA[STEP89]]>
            </line>
          </reporter-output>
        </test-method> <!-- testInvalidOtp -->
        <test-method status="PASS" signature="tearDown()[pri:0, instance:com.test.scripts.JoinSulekha@5abca1e0]" name="tearDown" is-config="true" duration-ms="3961" started-at="2016-06-21T10:47:51Z" finished-at="2016-06-21T10:47:55Z">
          <reporter-output>
          </reporter-output>
        </test-method> <!-- tearDown -->
        <test-method status="PASS" signature="setUp()[pri:0, instance:com.test.scripts.JoinSulekha@5abca1e0]" name="setUp" is-config="true" duration-ms="42937" started-at="2016-06-21T10:47:55Z" finished-at="2016-06-21T10:48:38Z">
          <reporter-output>
          </reporter-output>
        </test-method> <!-- setUp -->
        <test-method status="PASS" signature="test6DigitVerificationCode()[pri:0, instance:com.test.scripts.JoinSulekha@5abca1e0]" name="test6DigitVerificationCode" duration-ms="72938" started-at="2016-06-21T10:48:38Z" description="Check entering less than 6-digit verification code" finished-at="2016-06-21T10:49:51Z">
          <reporter-output>
            <line>
              <![CDATA[STEP90]]>
            </line>
            <line>
              <![CDATA[STEP91]]>
            </line>
            <line>
              <![CDATA[STEP92]]>
            </line>
            <line>
              <![CDATA[STEP93]]>
            </line>
            <line>
              <![CDATA[STEP94]]>
            </line>
          </reporter-output>
        </test-method> <!-- test6DigitVerificationCode -->
        <test-method status="PASS" signature="tearDown()[pri:0, instance:com.test.scripts.JoinSulekha@5abca1e0]" name="tearDown" is-config="true" duration-ms="3692" started-at="2016-06-21T10:49:51Z" finished-at="2016-06-21T10:49:55Z">
          <reporter-output>
          </reporter-output>
        </test-method> <!-- tearDown -->
        <test-method status="PASS" signature="setUp()[pri:0, instance:com.test.scripts.JoinSulekha@5abca1e0]" name="setUp" is-config="true" duration-ms="41815" started-at="2016-06-21T10:49:55Z" finished-at="2016-06-21T10:50:36Z">
          <reporter-output>
          </reporter-output>
        </test-method> <!-- setUp -->
        <test-method status="PASS" signature="testTermsCondition()[pri:0, instance:com.test.scripts.JoinSulekha@5abca1e0]" name="testTermsCondition" duration-ms="46489" started-at="2016-06-21T10:50:36Z" description="To tap over &#039;T &amp; C&#039; link in the join sulekha page" finished-at="2016-06-21T10:51:23Z">
          <reporter-output>
            <line>
              <![CDATA[STEP95]]>
            </line>
            <line>
              <![CDATA[STEP96]]>
            </line>
            <line>
              <![CDATA[STEP97]]>
            </line>
            <line>
              <![CDATA[STEP98]]>
            </line>
          </reporter-output>
        </test-method> <!-- testTermsCondition -->
        <test-method status="PASS" signature="tearDown()[pri:0, instance:com.test.scripts.JoinSulekha@5abca1e0]" name="tearDown" is-config="true" duration-ms="3790" started-at="2016-06-21T10:51:23Z" finished-at="2016-06-21T10:51:27Z">
          <reporter-output>
          </reporter-output>
        </test-method> <!-- tearDown -->
        <test-method status="PASS" signature="setUp()[pri:0, instance:com.test.scripts.JoinSulekha@5abca1e0]" name="setUp" is-config="true" duration-ms="42546" started-at="2016-06-21T10:51:27Z" finished-at="2016-06-21T10:52:09Z">
          <reporter-output>
          </reporter-output>
        </test-method> <!-- setUp -->
        <test-method status="PASS" signature="testEditIcon()[pri:0, instance:com.test.scripts.JoinSulekha@5abca1e0]" name="testEditIcon" duration-ms="63584" started-at="2016-06-21T10:52:09Z" description="To tap over edit icon in the OTP page and verify if join sulekha page appears." finished-at="2016-06-21T10:53:13Z">
          <reporter-output>
            <line>
              <![CDATA[STEP99]]>
            </line>
            <line>
              <![CDATA[STEP100]]>
            </line>
            <line>
              <![CDATA[STEP101]]>
            </line>
            <line>
              <![CDATA[STEP102]]>
            </line>
            <line>
              <![CDATA[STEP103]]>
            </line>
          </reporter-output>
        </test-method> <!-- testEditIcon -->
        <test-method status="PASS" signature="tearDown()[pri:0, instance:com.test.scripts.JoinSulekha@5abca1e0]" name="tearDown" is-config="true" duration-ms="3217" started-at="2016-06-21T10:53:13Z" finished-at="2016-06-21T10:53:16Z">
          <reporter-output>
          </reporter-output>
        </test-method> <!-- tearDown -->
        <test-method status="PASS" signature="setUp()[pri:0, instance:com.test.scripts.JoinSulekha@5abca1e0]" name="setUp" is-config="true" duration-ms="42261" started-at="2016-06-21T10:53:16Z" finished-at="2016-06-21T10:53:58Z">
          <reporter-output>
          </reporter-output>
        </test-method> <!-- setUp -->
        <test-method status="PASS" signature="testTnCBackIcn()[pri:0, instance:com.test.scripts.JoinSulekha@5abca1e0]" name="testTnCBackIcn" duration-ms="61084" started-at="2016-06-21T10:53:58Z" description="Tap over Back button from Terms and conditions page." finished-at="2016-06-21T10:54:59Z">
          <reporter-output>
            <line>
              <![CDATA[STEP104]]>
            </line>
            <line>
              <![CDATA[STEP105]]>
            </line>
            <line>
              <![CDATA[STEP106]]>
            </line>
            <line>
              <![CDATA[STEP107]]>
            </line>
            <line>
              <![CDATA[STEP108]]>
            </line>
          </reporter-output>
        </test-method> <!-- testTnCBackIcn -->
        <test-method status="PASS" signature="tearDown()[pri:0, instance:com.test.scripts.JoinSulekha@5abca1e0]" name="tearDown" is-config="true" duration-ms="3490" started-at="2016-06-21T10:54:59Z" finished-at="2016-06-21T10:55:03Z">
          <reporter-output>
          </reporter-output>
        </test-method> <!-- tearDown -->
        <test-method status="PASS" signature="setUp()[pri:0, instance:com.test.scripts.JoinSulekha@5abca1e0]" name="setUp" is-config="true" duration-ms="41264" started-at="2016-06-21T10:55:03Z" finished-at="2016-06-21T10:55:44Z">
          <reporter-output>
          </reporter-output>
        </test-method> <!-- setUp -->
        <test-method status="PASS" signature="testSkipLnk()[pri:0, instance:com.test.scripts.JoinSulekha@5abca1e0]" name="testSkipLnk" duration-ms="47513" started-at="2016-06-21T10:55:44Z" description=" To tap over &#039;skip&#039; link in join sulekha page and verify if home page is displayed" finished-at="2016-06-21T10:56:32Z">
          <reporter-output>
            <line>
              <![CDATA[STEP109]]>
            </line>
            <line>
              <![CDATA[STEP110]]>
            </line>
            <line>
              <![CDATA[STEP111]]>
            </line>
            <line>
              <![CDATA[STEP112]]>
            </line>
          </reporter-output>
        </test-method> <!-- testSkipLnk -->
        <test-method status="PASS" signature="tearDown()[pri:0, instance:com.test.scripts.JoinSulekha@5abca1e0]" name="tearDown" is-config="true" duration-ms="3253" started-at="2016-06-21T10:56:32Z" finished-at="2016-06-21T10:56:35Z">
          <reporter-output>
          </reporter-output>
        </test-method> <!-- tearDown -->
        <test-method status="PASS" signature="setUp()[pri:0, instance:com.test.scripts.JoinSulekha@5abca1e0]" name="setUp" is-config="true" duration-ms="42052" started-at="2016-06-21T10:56:35Z" finished-at="2016-06-21T10:57:17Z">
          <reporter-output>
          </reporter-output>
        </test-method> <!-- setUp -->
        <test-method status="PASS" signature="testLoginLnk()[pri:0, instance:com.test.scripts.JoinSulekha@5abca1e0]" name="testLoginLnk" duration-ms="46831" started-at="2016-06-21T10:57:17Z" description="To tap over &#039;login&#039; link in the join sulekha page and verify if &#039;login page is displayed" finished-at="2016-06-21T10:58:04Z">
          <reporter-output>
            <line>
              <![CDATA[STEP113]]>
            </line>
            <line>
              <![CDATA[STEP114]]>
            </line>
            <line>
              <![CDATA[STEP115]]>
            </line>
            <line>
              <![CDATA[STEP116]]>
            </line>
          </reporter-output>
        </test-method> <!-- testLoginLnk -->
        <test-method status="PASS" signature="tearDown()[pri:0, instance:com.test.scripts.JoinSulekha@5abca1e0]" name="tearDown" is-config="true" duration-ms="3914" started-at="2016-06-21T10:58:04Z" finished-at="2016-06-21T10:58:08Z">
          <reporter-output>
          </reporter-output>
        </test-method> <!-- tearDown -->
      </class> <!-- com.test.scripts.JoinSulekha -->
    </test> <!-- JoinSulekha -->
    <test name="LoginToSulekha" duration-ms="4537640" started-at="2016-06-21T05:28:08Z" finished-at="2016-06-21T06:43:46Z">
      <class name="com.test.scripts.LoginToSulekha">
        <test-method status="PASS" signature="setobjects()[pri:0, instance:com.test.scripts.LoginToSulekha@4d41cee]" name="setobjects" is-config="true" duration-ms="0" started-at="2016-06-21T10:58:08Z" finished-at="2016-06-21T10:58:08Z">
          <reporter-output>
          </reporter-output>
        </test-method> <!-- setobjects -->
        <test-method status="PASS" signature="setUp()[pri:0, instance:com.test.scripts.LoginToSulekha@4d41cee]" name="setUp" is-config="true" duration-ms="42050" started-at="2016-06-21T10:58:08Z" finished-at="2016-06-21T10:58:50Z">
          <reporter-output>
          </reporter-output>
        </test-method> <!-- setUp -->
        <test-method status="PASS" signature="testLoginWOEmailIDMobileNum()[pri:0, instance:com.test.scripts.LoginToSulekha@4d41cee]" name="testLoginWOEmailIDMobileNum" duration-ms="61895" started-at="2016-06-21T10:58:50Z" description="Tap over LOGIN button without entering any values in Email ID/Mobile number field and verify." finished-at="2016-06-21T10:59:52Z">
          <reporter-output>
            <line>
              <![CDATA[STEP117]]>
            </line>
            <line>
              <![CDATA[STEP118]]>
            </line>
            <line>
              <![CDATA[STEP119]]>
            </line>
            <line>
              <![CDATA[STEP120]]>
            </line>
            <line>
              <![CDATA[STEP121]]>
            </line>
            <line>
              <![CDATA[STEP122]]>
            </line>
          </reporter-output>
        </test-method> <!-- testLoginWOEmailIDMobileNum -->
        <test-method status="PASS" signature="tearDown()[pri:0, instance:com.test.scripts.LoginToSulekha@4d41cee]" name="tearDown" is-config="true" duration-ms="4290" started-at="2016-06-21T10:59:52Z" finished-at="2016-06-21T10:59:56Z">
          <reporter-output>
          </reporter-output>
        </test-method> <!-- tearDown -->
        <test-method status="PASS" signature="setUp()[pri:0, instance:com.test.scripts.LoginToSulekha@4d41cee]" name="setUp" is-config="true" duration-ms="47251" started-at="2016-06-21T10:59:56Z" finished-at="2016-06-21T11:00:44Z">
          <reporter-output>
          </reporter-output>
        </test-method> <!-- setUp -->
        <test-method status="PASS" signature="testLoginInvalideMobNum()[pri:0, instance:com.test.scripts.LoginToSulekha@4d41cee]" name="testLoginInvalideMobNum" duration-ms="69746" started-at="2016-06-21T11:00:44Z" description="To tap over &#039;login&#039; button by entering invalid mobileno." finished-at="2016-06-21T11:01:53Z">
          <reporter-output>
            <line>
              <![CDATA[STEP123]]>
            </line>
            <line>
              <![CDATA[STEP124]]>
            </line>
            <line>
              <![CDATA[STEP125]]>
            </line>
            <line>
              <![CDATA[STEP126]]>
            </line>
            <line>
              <![CDATA[STEP127]]>
            </line>
            <line>
              <![CDATA[STEP128]]>
            </line>
          </reporter-output>
        </test-method> <!-- testLoginInvalideMobNum -->
        <test-method status="PASS" signature="tearDown()[pri:0, instance:com.test.scripts.LoginToSulekha@4d41cee]" name="tearDown" is-config="true" duration-ms="3761" started-at="2016-06-21T11:01:53Z" finished-at="2016-06-21T11:01:57Z">
          <reporter-output>
          </reporter-output>
        </test-method> <!-- tearDown -->
        <test-method status="PASS" signature="setUp()[pri:0, instance:com.test.scripts.LoginToSulekha@4d41cee]" name="setUp" is-config="true" duration-ms="43690" started-at="2016-06-21T11:01:57Z" finished-at="2016-06-21T11:02:41Z">
          <reporter-output>
          </reporter-output>
        </test-method> <!-- setUp -->
        <test-method status="PASS" signature="testLoginInvalideEmail()[pri:0, instance:com.test.scripts.LoginToSulekha@4d41cee]" name="testLoginInvalideEmail" duration-ms="68546" started-at="2016-06-21T11:02:41Z" description="To tap over &#039;login&#039; button by entering invalid emailid" finished-at="2016-06-21T11:03:49Z">
          <reporter-output>
            <line>
              <![CDATA[STEP129]]>
            </line>
            <line>
              <![CDATA[STEP130]]>
            </line>
            <line>
              <![CDATA[STEP131]]>
            </line>
            <line>
              <![CDATA[STEP132]]>
            </line>
            <line>
              <![CDATA[STEP133]]>
            </line>
            <line>
              <![CDATA[STEP134]]>
            </line>
          </reporter-output>
        </test-method> <!-- testLoginInvalideEmail -->
        <test-method status="PASS" signature="tearDown()[pri:0, instance:com.test.scripts.LoginToSulekha@4d41cee]" name="tearDown" is-config="true" duration-ms="4281" started-at="2016-06-21T11:03:49Z" finished-at="2016-06-21T11:03:54Z">
          <reporter-output>
          </reporter-output>
        </test-method> <!-- tearDown -->
        <test-method status="PASS" signature="setUp()[pri:0, instance:com.test.scripts.LoginToSulekha@4d41cee]" name="setUp" is-config="true" duration-ms="42872" started-at="2016-06-21T11:03:54Z" finished-at="2016-06-21T11:04:37Z">
          <reporter-output>
          </reporter-output>
        </test-method> <!-- setUp -->
        <test-method status="PASS" signature="testLoginUnRegEmail()[pri:0, instance:com.test.scripts.LoginToSulekha@4d41cee]" name="testLoginUnRegEmail" duration-ms="68916" started-at="2016-06-21T11:04:37Z" description="To tap over &#039;login&#039; button by entering unregistered email id" finished-at="2016-06-21T11:05:46Z">
          <reporter-output>
            <line>
              <![CDATA[STEP135]]>
            </line>
            <line>
              <![CDATA[STEP136]]>
            </line>
            <line>
              <![CDATA[STEP137]]>
            </line>
            <line>
              <![CDATA[STEP138]]>
            </line>
            <line>
              <![CDATA[STEP139]]>
            </line>
            <line>
              <![CDATA[STEP140]]>
            </line>
          </reporter-output>
        </test-method> <!-- testLoginUnRegEmail -->
        <test-method status="PASS" signature="tearDown()[pri:0, instance:com.test.scripts.LoginToSulekha@4d41cee]" name="tearDown" is-config="true" duration-ms="4473" started-at="2016-06-21T11:05:46Z" finished-at="2016-06-21T11:05:50Z">
          <reporter-output>
          </reporter-output>
        </test-method> <!-- tearDown -->
        <test-method status="PASS" signature="setUp()[pri:0, instance:com.test.scripts.LoginToSulekha@4d41cee]" name="setUp" is-config="true" duration-ms="42824" started-at="2016-06-21T11:05:50Z" finished-at="2016-06-21T11:06:33Z">
          <reporter-output>
          </reporter-output>
        </test-method> <!-- setUp -->
        <test-method status="PASS" signature="testLoginUnRegMob()[pri:0, instance:com.test.scripts.LoginToSulekha@4d41cee]" name="testLoginUnRegMob" duration-ms="65216" started-at="2016-06-21T11:06:33Z" description="To tap over &#039;login&#039; button by entering unregistered mobile number" finished-at="2016-06-21T11:07:38Z">
          <reporter-output>
            <line>
              <![CDATA[STEP141]]>
            </line>
            <line>
              <![CDATA[STEP142]]>
            </line>
            <line>
              <![CDATA[STEP143]]>
            </line>
            <line>
              <![CDATA[STEP144]]>
            </line>
            <line>
              <![CDATA[STEP145]]>
            </line>
            <line>
              <![CDATA[STEP146]]>
            </line>
          </reporter-output>
        </test-method> <!-- testLoginUnRegMob -->
        <test-method status="PASS" signature="tearDown()[pri:0, instance:com.test.scripts.LoginToSulekha@4d41cee]" name="tearDown" is-config="true" duration-ms="3332" started-at="2016-06-21T11:07:38Z" finished-at="2016-06-21T11:07:41Z">
          <reporter-output>
          </reporter-output>
        </test-method> <!-- tearDown -->
        <test-method status="PASS" signature="setUp()[pri:0, instance:com.test.scripts.LoginToSulekha@4d41cee]" name="setUp" is-config="true" duration-ms="43079" started-at="2016-06-21T11:07:41Z" finished-at="2016-06-21T11:08:24Z">
          <reporter-output>
          </reporter-output>
        </test-method> <!-- setUp -->
        <test-method status="PASS" signature="testUnRegMobJoinSulekha()[pri:0, instance:com.test.scripts.LoginToSulekha@4d41cee]" name="testUnRegMobJoinSulekha" duration-ms="70392" started-at="2016-06-21T11:08:24Z" description="Tap over Join Sulekha button displayed on the alert for unregistered mobile number." finished-at="2016-06-21T11:09:35Z">
          <reporter-output>
            <line>
              <![CDATA[STEP147]]>
            </line>
            <line>
              <![CDATA[STEP148]]>
            </line>
            <line>
              <![CDATA[STEP149]]>
            </line>
            <line>
              <![CDATA[STEP150]]>
            </line>
            <line>
              <![CDATA[STEP151]]>
            </line>
            <line>
              <![CDATA[STEP152]]>
            </line>
          </reporter-output>
        </test-method> <!-- testUnRegMobJoinSulekha -->
        <test-method status="PASS" signature="tearDown()[pri:0, instance:com.test.scripts.LoginToSulekha@4d41cee]" name="tearDown" is-config="true" duration-ms="4227" started-at="2016-06-21T11:09:35Z" finished-at="2016-06-21T11:09:39Z">
          <reporter-output>
          </reporter-output>
        </test-method> <!-- tearDown -->
        <test-method status="PASS" signature="setUp()[pri:0, instance:com.test.scripts.LoginToSulekha@4d41cee]" name="setUp" is-config="true" duration-ms="42004" started-at="2016-06-21T11:09:39Z" finished-at="2016-06-21T11:10:21Z">
          <reporter-output>
          </reporter-output>
        </test-method> <!-- setUp -->
        <test-method status="PASS" signature="testUnRegEmailJoinSulekha()[pri:0, instance:com.test.scripts.LoginToSulekha@4d41cee]" name="testUnRegEmailJoinSulekha" duration-ms="74696" started-at="2016-06-21T11:10:21Z" description="Tap over Join Sulekha button displayed on the alert for unregistered emailID." finished-at="2016-06-21T11:11:36Z">
          <reporter-output>
            <line>
              <![CDATA[STEP153]]>
            </line>
            <line>
              <![CDATA[STEP154]]>
            </line>
            <line>
              <![CDATA[STEP155]]>
            </line>
            <line>
              <![CDATA[STEP156]]>
            </line>
            <line>
              <![CDATA[STEP157]]>
            </line>
            <line>
              <![CDATA[STEP158]]>
            </line>
          </reporter-output>
        </test-method> <!-- testUnRegEmailJoinSulekha -->
        <test-method status="PASS" signature="tearDown()[pri:0, instance:com.test.scripts.LoginToSulekha@4d41cee]" name="tearDown" is-config="true" duration-ms="3675" started-at="2016-06-21T11:11:36Z" finished-at="2016-06-21T11:11:39Z">
          <reporter-output>
          </reporter-output>
        </test-method> <!-- tearDown -->
        <test-method status="PASS" signature="setUp()[pri:0, instance:com.test.scripts.LoginToSulekha@4d41cee]" name="setUp" is-config="true" duration-ms="43540" started-at="2016-06-21T11:11:39Z" finished-at="2016-06-21T11:12:23Z">
          <reporter-output>
          </reporter-output>
        </test-method> <!-- setUp -->
        <test-method status="PASS" signature="testUnRegMobileCancel()[pri:0, instance:com.test.scripts.LoginToSulekha@4d41cee]" name="testUnRegMobileCancel" duration-ms="69021" started-at="2016-06-21T11:12:23Z" description="Tap over Cancel button displayed on the alert for unregistered mobile number." finished-at="2016-06-21T11:13:32Z">
          <reporter-output>
            <line>
              <![CDATA[STEP159]]>
            </line>
            <line>
              <![CDATA[STEP160]]>
            </line>
            <line>
              <![CDATA[STEP161]]>
            </line>
            <line>
              <![CDATA[STEP162]]>
            </line>
            <line>
              <![CDATA[STEP163]]>
            </line>
            <line>
              <![CDATA[STEP164]]>
            </line>
          </reporter-output>
        </test-method> <!-- testUnRegMobileCancel -->
        <test-method status="PASS" signature="tearDown()[pri:0, instance:com.test.scripts.LoginToSulekha@4d41cee]" name="tearDown" is-config="true" duration-ms="3723" started-at="2016-06-21T11:13:32Z" finished-at="2016-06-21T11:13:36Z">
          <reporter-output>
          </reporter-output>
        </test-method> <!-- tearDown -->
        <test-method status="PASS" signature="setUp()[pri:0, instance:com.test.scripts.LoginToSulekha@4d41cee]" name="setUp" is-config="true" duration-ms="44027" started-at="2016-06-21T11:13:36Z" finished-at="2016-06-21T11:14:20Z">
          <reporter-output>
          </reporter-output>
        </test-method> <!-- setUp -->
[...]
	at java.lang.reflect.Method.invoke(Method.java:497)
	at org.testng.internal.MethodInvocationHelper.invokeMethod(MethodInvocationHelper.java:85)
	at org.testng.internal.Invoker.invokeMethod(Invoker.java:659)
	at org.testng.internal.Invoker.invokeTestMethod(Invoker.java:845)
	at org.testng.internal.Invoker.invokeTestMethods(Invoker.java:1153)
	at org.testng.internal.TestMethodWorker.invokeTestMethods(TestMethodWorker.java:125)
	at org.testng.internal.TestMethodWorker.run(TestMethodWorker.java:108)
	at org.testng.TestRunner.privateRun(TestRunner.java:771)
	at org.testng.TestRunner.run(TestRunner.java:621)
	at org.testng.SuiteRunner.runTest(SuiteRunner.java:357)
	at org.testng.SuiteRunner.runSequentially(SuiteRunner.java:352)
	at org.testng.SuiteRunner.privateRun(SuiteRunner.java:310)
	at org.testng.SuiteRunner.run(SuiteRunner.java:259)
	at org.testng.SuiteRunnerWorker.runSuite(SuiteRunnerWorker.java:52)
	at org.testng.SuiteRunnerWorker.run(SuiteRunnerWorker.java:86)
	at org.testng.TestNG.runSuitesSequentially(TestNG.java:1199)
	at org.testng.TestNG.runSuitesLocally(TestNG.java:1124)
	at org.testng.TestNG.run(TestNG.java:1032)
	at org.testng.remote.AbstractRemoteTestNG.run(AbstractRemoteTestNG.java:126)
	at org.testng.remote.RemoteTestNG.initAndRun(RemoteTestNG.java:137)
	at org.testng.remote.RemoteTestNG.main(RemoteTestNG.java:58)
]]>
            </full-stacktrace>
          </exception> <!-- org.openqa.selenium.WebDriverException -->
          <reporter-output>
            <line>
              <![CDATA[STEP603]]>
            </line>
            <line>
              <![CDATA[STEP604]]>
            </line>
            <line>
              <![CDATA[STEP605]]>
            </line>
            <line>
              <![CDATA[STEP606]]>
            </line>
            <line>
              <![CDATA[STEP607]]>
            </line>
            <line>
              <![CDATA[STEP608]]>
            </line>
            <line>
              <![CDATA[STEP609]]>
            </line>
            <line>
              <![CDATA[STEP610]]>
            </line>
            <line>
              <![CDATA[STEP611]]>
            </line>
            <line>
              <![CDATA[STEP612]]>
            </line>
          </reporter-output>
        </test-method> <!-- testCallIcon -->
        <test-method status="PASS" signature="tearDown()[pri:0, instance:com.test.scripts.BrowseBusinessListing@34c4973]" name="tearDown" is-config="true" duration-ms="3793" started-at="2016-06-21T13:33:02Z" finished-at="2016-06-21T13:33:06Z">
          <reporter-output>
          </reporter-output>
        </test-method> <!-- tearDown -->
        <test-method status="PASS" signature="setUp()[pri:0, instance:com.test.scripts.BrowseBusinessListing@34c4973]" name="setUp" is-config="true" duration-ms="42928" started-at="2016-06-21T13:33:06Z" finished-at="2016-06-21T13:33:49Z">
          <reporter-output>
          </reporter-output>
        </test-method> <!-- setUp -->
        <test-method status="FAIL" signature="testSendMessageIcon()[pri:0, instance:com.test.scripts.BrowseBusinessListing@34c4973]" name="testSendMessageIcon" duration-ms="97026" started-at="2016-06-21T13:33:49Z" description="Tap on &#039;Send message&#039; icon displayed on business" finished-at="2016-06-21T13:35:26Z">
          <exception class="org.openqa.selenium.WebDriverException">
            <message>
              <![CDATA[Could not locate keyboard. (WARNING: The server did not provide any stacktrace information)
Command duration or timeout: 26.82 seconds
Build info: version: '2.53.0', revision: '35ae25b1534ae328c771e0856c93e187490ca824', time: '2016-03-15 10:43:46'
System info: host: 'Prasannas-MacBook-Pro.local', ip: '10.10.4.140', os.name: 'Mac OS X', os.arch: 'x86_64', os.version: '10.11.4', java.version: '1.8.0_65'
Driver info: io.appium.java_client.ios.IOSDriver
Capabilities [{unicodekeyboard=true, app=/Users/automation/Downloads/IndiaSulekha6.3.2.ipa, networkConnectionEnabled=false, bundleId=com.appid.sulekhauserapp, databaseEnabled=false, deviceName=iPhone 5, fullReset=true, platform=MAC, showIOSLog=true, desired={unicodekeyboard=true, app=/Users/automation/Downloads/IndiaSulekha6.3.2.ipa, showIOSLog=true, platformVersion=9.3.2, automationName=Appium, bundleId=com.appid.sulekhauserapp, platformName=iOS, udid=2dde13a2961f5f1c6f5a0f737daf13bcb43457ef, deviceName=iPhone 5, fullReset=true}, platformVersion=9.3.2, webStorageEnabled=false, locationContextEnabled=false, automationName=Appium, browserName=, takesScreenshot=true, javascriptEnabled=true, platformName=iOS, udid=2dde13a2961f5f1c6f5a0f737daf13bcb43457ef}]
Session ID: 45ede93e-106a-41cc-9605-f2168addaffa]]>
            </message>
            <full-stacktrace>
              <![CDATA[org.openqa.selenium.WebDriverException: Could not locate keyboard. (WARNING: The server did not provide any stacktrace information)
Command duration or timeout: 26.82 seconds
Build info: version: '2.53.0', revision: '35ae25b1534ae328c771e0856c93e187490ca824', time: '2016-03-15 10:43:46'
System info: host: 'Prasannas-MacBook-Pro.local', ip: '10.10.4.140', os.name: 'Mac OS X', os.arch: 'x86_64', os.version: '10.11.4', java.version: '1.8.0_65'
Driver info: io.appium.java_client.ios.IOSDriver
Capabilities [{unicodekeyboard=true, app=/Users/automation/Downloads/IndiaSulekha6.3.2.ipa, networkConnectionEnabled=false, bundleId=com.appid.sulekhauserapp, databaseEnabled=false, deviceName=iPhone 5, fullReset=true, platform=MAC, showIOSLog=true, desired={unicodekeyboard=true, app=/Users/automation/Downloads/IndiaSulekha6.3.2.ipa, showIOSLog=true, platformVersion=9.3.2, automationName=Appium, bundleId=com.appid.sulekhauserapp, platformName=iOS, udid=2dde13a2961f5f1c6f5a0f737daf13bcb43457ef, deviceName=iPhone 5, fullReset=true}, platformVersion=9.3.2, webStorageEnabled=false, locationContextEnabled=false, automationName=Appium, browserName=, takesScreenshot=true, javascriptEnabled=true, platformName=iOS, udid=2dde13a2961f5f1c6f5a0f737daf13bcb43457ef}]
Session ID: 45ede93e-106a-41cc-9605-f2168addaffa
	at sun.reflect.GeneratedConstructorAccessor26.newInstance(Unknown Source)
	at sun.reflect.DelegatingConstructorAccessorImpl.newInstance(DelegatingConstructorAccessorImpl.java:45)
	at java.lang.reflect.Constructor.newInstance(Constructor.java:422)
	at org.openqa.selenium.remote.ErrorHandler.createThrowable(ErrorHandler.java:206)
	at org.openqa.selenium.remote.ErrorHandler.throwIfResponseFailed(ErrorHandler.java:158)
	at org.openqa.selenium.remote.RemoteWebDriver.execute(RemoteWebDriver.java:678)
	at io.appium.java_client.DefaultGenericMobileDriver.execute(DefaultGenericMobileDriver.java:43)
	at io.appium.java_client.AppiumDriver.execute(AppiumDriver.java:1)
	at io.appium.java_client.ios.IOSDriver.execute(IOSDriver.java:1)
	at org.openqa.selenium.remote.RemoteWebElement.execute(RemoteWebElement.java:327)
	at io.appium.java_client.DefaultGenericMobileElement.execute(DefaultGenericMobileElement.java:37)
	at io.appium.java_client.MobileElement.execute(MobileElement.java:1)
	at io.appium.java_client.ios.IOSElement.execute(IOSElement.java:1)
	at org.openqa.selenium.remote.RemoteWebElement.sendKeys(RemoteWebElement.java:122)
	at sun.reflect.GeneratedMethodAccessor5.invoke(Unknown Source)
	at sun.reflect.DelegatingMethodAccessorImpl.invoke(DelegatingMethodAccessorImpl.java:43)
	at java.lang.reflect.Method.invoke(Method.java:497)
	at org.openqa.selenium.support.pagefactory.internal.LocatingElementHandler.invoke(LocatingElementHandler.java:51)
	at com.sun.proxy.$Proxy8.sendKeys(Unknown Source)
	at com.test.po.LoginPO.login(LoginPO.java:403)
	at com.test.scripts.BrowseBusinessListing.testSendMessageIcon(BrowseBusinessListing.java:174)
	at sun.reflect.NativeMethodAccessorImpl.invoke0(Native Method)
	at sun.reflect.NativeMethodAccessorImpl.invoke(NativeMethodAccessorImpl.java:62)
	at sun.reflect.DelegatingMethodAccessorImpl.invoke(DelegatingMethodAccessorImpl.java:43)
	at java.lang.reflect.Method.invoke(Method.java:497)
	at org.testng.internal.MethodInvocationHelper.invokeMethod(MethodInvocationHelper.java:85)
	at org.testng.internal.Invoker.invokeMethod(Invoker.java:659)
	at org.testng.internal.Invoker.invokeTestMethod(Invoker.java:845)
	at org.testng.internal.Invoker.invokeTestMethods(Invoker.java:1153)
	at org.testng.internal.TestMethodWorker.invokeTestMethods(TestMethodWorker.java:125)
	at org.testng.internal.TestMethodWorker.run(TestMethodWorker.java:108)
	at org.testng.TestRunner.privateRun(TestRunner.java:771)
	at org.testng.TestRunner.run(TestRunner.java:621)
	at org.testng.SuiteRunner.runTest(SuiteRunner.java:357)
	at org.testng.SuiteRunner.runSequentially(SuiteRunner.java:352)
	at org.testng.SuiteRunner.privateRun(SuiteRunner.java:310)
	at org.testng.SuiteRunner.run(SuiteRunner.java:259)
	at org.testng.SuiteRunnerWorker.runSuite(SuiteRunnerWorker.java:52)
	at org.testng.SuiteRunnerWorker.run(SuiteRunnerWorker.java:86)
	at org.testng.TestNG.runSuitesSequentially(TestNG.java:1199)
	at org.testng.TestNG.runSuitesLocally(TestNG.java:1124)
	at org.testng.TestNG.run(TestNG.java:1032)
	at org.testng.remote.AbstractRemoteTestNG.run(AbstractRemoteTestNG.java:126)
	at org.testng.remote.RemoteTestNG.initAndRun(RemoteTestNG.java:137)
	at org.testng.remote.RemoteTestNG.main(RemoteTestNG.java:58)
]]>
            </full-stacktrace>
          </exception> <!-- org.openqa.selenium.WebDriverException -->
          <reporter-output>
            <line>
              <![CDATA[STEP613]]>
            </line>
            <line>
              <![CDATA[STEP614]]>
            </line>
            <line>
              <![CDATA[STEP615]]>
            </line>
            <line>
              <![CDATA[STEP616]]>
            </line>
            <line>
              <![CDATA[STEP617]]>
            </line>
            <line>
              <![CDATA[STEP618]]>
            </line>
          </reporter-output>
        </test-method> <!-- testSendMessageIcon -->
        <test-method status="PASS" signature="tearDown()[pri:0, instance:com.test.scripts.BrowseBusinessListing@34c4973]" name="tearDown" is-config="true" duration-ms="3846" started-at="2016-06-21T13:35:26Z" finished-at="2016-06-21T13:35:30Z">
          <reporter-output>
          </reporter-output>
        </test-method> <!-- tearDown -->
        <test-method status="PASS" signature="setUp()[pri:0, instance:com.test.scripts.BrowseBusinessListing@34c4973]" name="setUp" is-config="true" duration-ms="43851" started-at="2016-06-21T13:35:30Z" finished-at="2016-06-21T13:36:14Z">
          <reporter-output>
          </reporter-output>
        </test-method> <!-- setUp -->
        <test-method status="PASS" signature="testShortlistOptions()[pri:0, instance:com.test.scripts.BrowseBusinessListing@34c4973]" name="testShortlistOptions" duration-ms="169800" started-at="2016-06-21T13:36:14Z" description="Tap on &#039;Shortlist&#039; from options" finished-at="2016-06-21T13:39:03Z">
          <reporter-output>
            <line>
              <![CDATA[STEP619]]>
            </line>
            <line>
              <![CDATA[STEP620]]>
            </line>
            <line>
              <![CDATA[STEP621]]>
            </line>
            <line>
              <![CDATA[STEP622]]>
            </line>
            <line>
              <![CDATA[STEP623]]>
            </line>
            <line>
              <![CDATA[STEP624]]>
            </line>
            <line>
              <![CDATA[STEP625]]>
            </line>
            <line>
              <![CDATA[STEP626]]>
            </line>
            <line>
              <![CDATA[STEP627]]>
            </line>
            <line>
              <![CDATA[STEP628]]>
            </line>
            <line>
              <![CDATA[STEP629]]>
            </line>
          </reporter-output>
        </test-method> <!-- testShortlistOptions -->
        <test-method status="PASS" signature="tearDown()[pri:0, instance:com.test.scripts.BrowseBusinessListing@34c4973]" name="tearDown" is-config="true" duration-ms="3814" started-at="2016-06-21T13:39:03Z" finished-at="2016-06-21T13:39:07Z">
          <reporter-output>
          </reporter-output>
        </test-method> <!-- tearDown -->
        <test-method status="PASS" signature="setUp()[pri:0, instance:com.test.scripts.BrowseBusinessListing@34c4973]" name="setUp" is-config="true" duration-ms="44606" started-at="2016-06-21T13:39:07Z" finished-at="2016-06-21T13:39:52Z">
          <reporter-output>
          </reporter-output>
        </test-method> <!-- setUp -->
        <test-method status="PASS" signature="testSortButtonDisplayed()[pri:0, instance:com.test.scripts.BrowseBusinessListing@34c4973]" name="testSortButtonDisplayed" duration-ms="145541" started-at="2016-06-21T13:39:52Z" description="Tap on the Sort button displayed on right corner of business listing page" finished-at="2016-06-21T13:42:17Z">
          <reporter-output>
            <line>
              <![CDATA[STEP630]]>
            </line>
            <line>
              <![CDATA[STEP631]]>
            </line>
            <line>
              <![CDATA[STEP632]]>
            </line>
            <line>
              <![CDATA[STEP633]]>
            </line>
            <line>
              <![CDATA[STEP634]]>
            </line>
            <line>
              <![CDATA[STEP635]]>
            </line>
            <line>
              <![CDATA[STEP636]]>
            </line>
            <line>
              <![CDATA[STEP637]]>
            </line>
            <line>
              <![CDATA[STEP638]]>
            </line>
            <line>
              <![CDATA[STEP639]]>
            </line>
            <line>
              <![CDATA[STEP640]]>
            </line>
          </reporter-output>
        </test-method> <!-- testSortButtonDisplayed -->
        <test-method status="PASS" signature="tearDown()[pri:0, instance:com.test.scripts.BrowseBusinessListing@34c4973]" name="tearDown" is-config="true" duration-ms="3723" started-at="2016-06-21T13:42:17Z" finished-at="2016-06-21T13:42:21Z">
          <reporter-output>
          </reporter-output>
        </test-method> <!-- tearDown -->
        <test-method status="PASS" signature="setUp()[pri:0, instance:com.test.scripts.BrowseBusinessListing@34c4973]" name="setUp" is-config="true" duration-ms="44777" started-at="2016-06-21T13:42:21Z" finished-at="2016-06-21T13:43:06Z">
          <reporter-output>
          </reporter-output>
        </test-method> <!-- setUp -->
        <test-method status="PASS" signature="testSortByScore()[pri:0, instance:com.test.scripts.BrowseBusinessListing@34c4973]" name="testSortByScore" duration-ms="175490" started-at="2016-06-21T13:43:06Z" description="Tap on Sort by score from sort option" finished-at="2016-06-21T13:46:01Z">
          <reporter-output>
            <line>
              <![CDATA[STEP641]]>
            </line>
            <line>
              <![CDATA[STEP642]]>
            </line>
            <line>
              <![CDATA[STEP643]]>
            </line>
            <line>
              <![CDATA[STEP644]]>
            </line>
            <line>
              <![CDATA[STEP645]]>
            </line>
            <line>
              <![CDATA[STEP646]]>
            </line>
            <line>
              <![CDATA[STEP647]]>
            </line>
            <line>
              <![CDATA[STEP648]]>
            </line>
            <line>
              <![CDATA[STEP649]]>
            </line>
            <line>
              <![CDATA[STEP650]]>
            </line>
            <line>
              <![CDATA[STEP651]]>
            </line>
          </reporter-output>
        </test-method> <!-- testSortByScore -->
        <test-method status="PASS" signature="tearDown()[pri:0, instance:com.test.scripts.BrowseBusinessListing@34c4973]" name="tearDown" is-config="true" duration-ms="3615" started-at="2016-06-21T13:46:01Z" finished-at="2016-06-21T13:46:05Z">
          <reporter-output>
          </reporter-output>
        </test-method> <!-- tearDown -->
        <test-method status="PASS" signature="setUp()[pri:0, instance:com.test.scripts.BrowseBusinessListing@34c4973]" name="setUp" is-config="true" duration-ms="45331" started-at="2016-06-21T13:46:05Z" finished-at="2016-06-21T13:46:50Z">
          <reporter-output>
          </reporter-output>
        </test-method> <!-- setUp -->
        <test-method status="PASS" signature="testSortByRating()[pri:0, instance:com.test.scripts.BrowseBusinessListing@34c4973]" name="testSortByRating" duration-ms="171859" started-at="2016-06-21T13:46:50Z" description="Tap on Sort by rating from sort option" finished-at="2016-06-21T13:49:42Z">
          <reporter-output>
            <line>
              <![CDATA[STEP652]]>
            </line>
            <line>
              <![CDATA[STEP653]]>
            </line>
            <line>
              <![CDATA[STEP654]]>
            </line>
            <line>
              <![CDATA[STEP655]]>
            </line>
            <line>
              <![CDATA[STEP656]]>
            </line>
            <line>
              <![CDATA[STEP657]]>
            </line>
            <line>
              <![CDATA[STEP658]]>
            </line>
            <line>
              <![CDATA[STEP659]]>
            </line>
            <line>
              <![CDATA[STEP660]]>
            </line>
            <line>
              <![CDATA[STEP661]]>
            </line>
            <line>
              <![CDATA[STEP662]]>
            </line>
          </reporter-output>
        </test-method> <!-- testSortByRating -->
        <test-method status="PASS" signature="tearDown()[pri:0, instance:com.test.scripts.BrowseBusinessListing@34c4973]" name="tearDown" is-config="true" duration-ms="4471" started-at="2016-06-21T13:49:42Z" finished-at="2016-06-21T13:49:47Z">
          <reporter-output>
          </reporter-output>
        </test-method> <!-- tearDown -->
        <test-method status="PASS" signature="setUp()[pri:0, instance:com.test.scripts.BrowseBusinessListing@34c4973]" name="setUp" is-config="true" duration-ms="44856" started-at="2016-06-21T13:49:47Z" finished-at="2016-06-21T13:50:32Z">
          <reporter-output>
          </reporter-output>
        </test-method> <!-- setUp -->
        <test-method status="PASS" signature="testSortByDefault()[pri:0, instance:com.test.scripts.BrowseBusinessListing@34c4973]" name="testSortByDefault" duration-ms="166130" started-at="2016-06-21T13:50:32Z" description="Tap on Sort by default from sort option" finished-at="2016-06-21T13:53:18Z">
          <reporter-output>
            <line>
              <![CDATA[STEP663]]>
            </line>
            <line>
              <![CDATA[STEP664]]>
            </line>
            <line>
              <![CDATA[STEP665]]>
            </line>
            <line>
              <![CDATA[STEP666]]>
            </line>
            <line>
              <![CDATA[STEP667]]>
            </line>
            <line>
              <![CDATA[STEP668]]>
            </line>
            <line>
              <![CDATA[STEP669]]>
            </line>
            <line>
              <![CDATA[STEP670]]>
            </line>
            <line>
              <![CDATA[STEP671]]>
            </line>
            <line>
              <![CDATA[STEP672]]>
            </line>
            <line>
              <![CDATA[STEP673]]>
            </line>
            <line>
              <![CDATA[STEP674]]>
            </line>
          </reporter-output>
        </test-method> <!-- testSortByDefault -->
        <test-method status="PASS" signature="tearDown()[pri:0, instance:com.test.scripts.BrowseBusinessListing@34c4973]" name="tearDown" is-config="true" duration-ms="3922" started-at="2016-06-21T13:53:18Z" finished-at="2016-06-21T13:53:22Z">
          <reporter-output>
          </reporter-output>
        </test-method> <!-- tearDown -->
      </class> <!-- com.test.scripts.BrowseBusinessListing -->
    </test> <!-- BrowseBusinessListing -->
  </suite> <!-- Suite -->
</testng-results>
